stdio    D         file_stdio.c:110  file_stdio_fopen                 [   0.00000] opening C:\Users\tyler\Desktop\CSE-3150\Project2\x64\Debug\allegro5.cfg r
system   D            wsystem.c:834  maybe_parent_dir                 [   0.00000] Also searching C:\Users\tyler\Desktop\CSE-3150\Project2\x64\
system   D            wsystem.c:889  _al_win_safe_load_library        [   0.00000] PathFindOnPath found: C:\WINDOWS\system32\shcore.dll
system   D            wsystem.c:795  load_library_at_path             [   0.00000] Calling LoadLibrary C:\WINDOWS\system32\shcore.dll
system   I            wsystem.c:798  load_library_at_path             [   0.00000] Loaded C:\WINDOWS\system32\shcore.dll
system   I             system.c:271  al_install_system                [   0.00000] Allegro version: 5.2.8
dtor     D               dtor.c:196  _al_register_destructor          [   0.00060] added dtor for timer 00000292DD953660, func 00007FF91AAC1050
system   D            wsystem.c:834  maybe_parent_dir                 [   0.00083] Also searching C:\Users\tyler\Desktop\CSE-3150\Project2\x64\
system   D            wsystem.c:889  _al_win_safe_load_library        [   0.00129] PathFindOnPath found: C:\WINDOWS\system32\d3d9.dll
system   D            wsystem.c:795  load_library_at_path             [   0.00140] Calling LoadLibrary C:\WINDOWS\system32\d3d9.dll
system   I            wsystem.c:798  load_library_at_path             [   0.01146] Loaded C:\WINDOWS\system32\d3d9.dll
d3d      I         d3d_disp.cpp:679  d3d_init_display                 [   0.04958] Render-to-texture: 1
d3d      I         d3d_disp.cpp:1780 d3d_create_display_locked        [   0.05121] faux_fullscreen=0
d3d      D         d3d_disp.cpp:1781 d3d_create_display_locked        [   0.05133] al_display=00000292DD9D87B0
d3d      D         d3d_disp.cpp:1782 d3d_create_display_locked        [   0.05146] al_display->vt=00000292DD9D52E0
d3d      I d3d_display_formats.cpp:144  _al_d3d_generate_display_format_list [   0.06332] found 288 format combinations
display  D   display_settings.c:214  debug_display_settings           [   0.06350] color: 32 (rgba 8880), depth: 0, stencil: 0, acc: 0000, samples: 0/0
display  D   display_settings.c:529  _al_score_display_settings       [   0.06362] Score is : 897
display  D   display_settings.c:214  debug_display_settings           [   0.06377] color: 32 (rgba 8880), depth: 0, stencil: 0, acc: 0000, samples: 0/0
display  D   display_settings.c:529  _al_score_display_settings       [   0.06395] Score is : 897
display  D   display_settings.c:214  debug_display_settings           [   0.06410] color: 32 (rgba 8880), depth: 0, stencil: 0, acc: 0000, samples: 2/1
display  D   display_settings.c:529  _al_score_display_settings       [   0.06420] Score is : 726
display  D   display_settings.c:214  debug_display_settings           [   0.06433] color: 32 (rgba 8880), depth: 0, stencil: 0, acc: 0000, samples: 3/1
display  D   display_settings.c:529  _al_score_display_settings       [   0.06446] Score is : 721
display  D   display_settings.c:214  debug_display_settings           [   0.06454] color: 32 (rgba 8880), depth: 0, stencil: 0, acc: 0000, samples: 4/1
display  D   display_settings.c:529  _al_score_display_settings       [   0.06463] Score is : 717
display  D   display_settings.c:214  debug_display_settings           [   0.06471] color: 32 (rgba 8880), depth: 0, stencil: 0, acc: 0000, samples: 5/1
display  D   display_settings.c:529  _al_score_display_settings       [   0.06483] Score is : 715
display  D   display_settings.c:214  debug_display_settings           [   0.06492] color: 32 (rgba 8880), depth: 0, stencil: 0, acc: 0000, samples: 6/1
display  D   display_settings.c:529  _al_score_display_settings       [   0.06502] Score is : 714
display  D   display_settings.c:214  debug_display_settings           [   0.06513] color: 32 (rgba 8880), depth: 0, stencil: 0, acc: 0000, samples: 7/1
display  D   display_settings.c:529  _al_score_display_settings       [   0.06522] Score is : 713
display  D   display_settings.c:214  debug_display_settings           [   0.06531] color: 32 (rgba 8880), depth: 0, stencil: 0, acc: 0000, samples: 8/1
display  D   display_settings.c:529  _al_score_display_settings       [   0.06556] Score is : 712
display  D   display_settings.c:214  debug_display_settings           [   0.06567] color: 32 (rgba 8880), depth: 24, stencil: 8, acc: 0000, samples: 0/0
display  D   display_settings.c:529  _al_score_display_settings       [   0.06587] Score is : 897
display  D   display_settings.c:214  debug_display_settings           [   0.06596] color: 32 (rgba 8880), depth: 24, stencil: 8, acc: 0000, samples: 0/0
display  D   display_settings.c:529  _al_score_display_settings       [   0.06605] Score is : 897
display  D   display_settings.c:214  debug_display_settings           [   0.06614] color: 32 (rgba 8880), depth: 24, stencil: 8, acc: 0000, samples: 2/1
display  D   display_settings.c:529  _al_score_display_settings       [   0.06624] Score is : 726
display  D   display_settings.c:214  debug_display_settings           [   0.06632] color: 32 (rgba 8880), depth: 24, stencil: 8, acc: 0000, samples: 3/1
display  D   display_settings.c:529  _al_score_display_settings       [   0.06641] Score is : 721
display  D   display_settings.c:214  debug_display_settings           [   0.06649] color: 32 (rgba 8880), depth: 24, stencil: 8, acc: 0000, samples: 4/1
display  D   display_settings.c:529  _al_score_display_settings       [   0.06657] Score is : 717
display  D   display_settings.c:214  debug_display_settings           [   0.06665] color: 32 (rgba 8880), depth: 24, stencil: 8, acc: 0000, samples: 5/1
display  D   display_settings.c:529  _al_score_display_settings       [   0.06674] Score is : 715
display  D   display_settings.c:214  debug_display_settings           [   0.06682] color: 32 (rgba 8880), depth: 24, stencil: 8, acc: 0000, samples: 6/1
display  D   display_settings.c:529  _al_score_display_settings       [   0.06691] Score is : 714
display  D   display_settings.c:214  debug_display_settings           [   0.06699] color: 32 (rgba 8880), depth: 24, stencil: 8, acc: 0000, samples: 7/1
display  D   display_settings.c:529  _al_score_display_settings       [   0.06710] Score is : 713
display  D   display_settings.c:214  debug_display_settings           [   0.06718] color: 32 (rgba 8880), depth: 24, stencil: 8, acc: 0000, samples: 8/1
display  D   display_settings.c:529  _al_score_display_settings       [   0.06728] Score is : 712
display  D   display_settings.c:214  debug_display_settings           [   0.06737] color: 32 (rgba 8880), depth: 24, stencil: 0, acc: 0000, samples: 0/0
display  D   display_settings.c:529  _al_score_display_settings       [   0.06746] Score is : 897
display  D   display_settings.c:214  debug_display_settings           [   0.06754] color: 32 (rgba 8880), depth: 24, stencil: 0, acc: 0000, samples: 0/0
display  D   display_settings.c:529  _al_score_display_settings       [   0.06762] Score is : 897
display  D   display_settings.c:214  debug_display_settings           [   0.06770] color: 32 (rgba 8880), depth: 24, stencil: 0, acc: 0000, samples: 2/1
display  D   display_settings.c:529  _al_score_display_settings       [   0.06778] Score is : 726
display  D   display_settings.c:214  debug_display_settings           [   0.06785] color: 32 (rgba 8880), depth: 24, stencil: 0, acc: 0000, samples: 3/1
display  D   display_settings.c:529  _al_score_display_settings       [   0.06794] Score is : 721
display  D   display_settings.c:214  debug_display_settings           [   0.06802] color: 32 (rgba 8880), depth: 24, stencil: 0, acc: 0000, samples: 4/1
display  D   display_settings.c:529  _al_score_display_settings       [   0.06811] Score is : 717
display  D   display_settings.c:214  debug_display_settings           [   0.06820] color: 32 (rgba 8880), depth: 24, stencil: 0, acc: 0000, samples: 5/1
display  D   display_settings.c:529  _al_score_display_settings       [   0.06828] Score is : 715
display  D   display_settings.c:214  debug_display_settings           [   0.06836] color: 32 (rgba 8880), depth: 24, stencil: 0, acc: 0000, samples: 6/1
display  D   display_settings.c:529  _al_score_display_settings       [   0.06853] Score is : 714
display  D   display_settings.c:214  debug_display_settings           [   0.06863] color: 32 (rgba 8880), depth: 24, stencil: 0, acc: 0000, samples: 7/1
display  D   display_settings.c:529  _al_score_display_settings       [   0.06871] Score is : 713
display  D   display_settings.c:214  debug_display_settings           [   0.06879] color: 32 (rgba 8880), depth: 24, stencil: 0, acc: 0000, samples: 8/1
display  D   display_settings.c:529  _al_score_display_settings       [   0.06888] Score is : 712
display  D   display_settings.c:214  debug_display_settings           [   0.06896] color: 32 (rgba 8880), depth: 16, stencil: 0, acc: 0000, samples: 0/0
display  D   display_settings.c:529  _al_score_display_settings       [   0.06904] Score is : 897
display  D   display_settings.c:214  debug_display_settings           [   0.06912] color: 32 (rgba 8880), depth: 16, stencil: 0, acc: 0000, samples: 0/0
display  D   display_settings.c:529  _al_score_display_settings       [   0.06921] Score is : 897
display  D   display_settings.c:214  debug_display_settings           [   0.06928] color: 32 (rgba 8880), depth: 16, stencil: 0, acc: 0000, samples: 2/1
display  D   display_settings.c:529  _al_score_display_settings       [   0.06937] Score is : 726
display  D   display_settings.c:214  debug_display_settings           [   0.06944] color: 32 (rgba 8880), depth: 16, stencil: 0, acc: 0000, samples: 3/1
display  D   display_settings.c:529  _al_score_display_settings       [   0.06952] Score is : 721
display  D   display_settings.c:214  debug_display_settings           [   0.06960] color: 32 (rgba 8880), depth: 16, stencil: 0, acc: 0000, samples: 4/1
display  D   display_settings.c:529  _al_score_display_settings       [   0.06969] Score is : 717
display  D   display_settings.c:214  debug_display_settings           [   0.06976] color: 32 (rgba 8880), depth: 16, stencil: 0, acc: 0000, samples: 5/1
display  D   display_settings.c:529  _al_score_display_settings       [   0.06984] Score is : 715
display  D   display_settings.c:214  debug_display_settings           [   0.06991] color: 32 (rgba 8880), depth: 16, stencil: 0, acc: 0000, samples: 6/1
display  D   display_settings.c:529  _al_score_display_settings       [   0.06999] Score is : 714
display  D   display_settings.c:214  debug_display_settings           [   0.07007] color: 32 (rgba 8880), depth: 16, stencil: 0, acc: 0000, samples: 7/1
display  D   display_settings.c:529  _al_score_display_settings       [   0.07017] Score is : 713
display  D   display_settings.c:214  debug_display_settings           [   0.07025] color: 32 (rgba 8880), depth: 16, stencil: 0, acc: 0000, samples: 8/1
display  D   display_settings.c:529  _al_score_display_settings       [   0.07033] Score is : 712
display  D   display_settings.c:214  debug_display_settings           [   0.07042] color: 16 (rgba 5650), depth: 0, stencil: 0, acc: 0000, samples: 0/0
display  D   display_settings.c:529  _al_score_display_settings       [   0.07051] Score is : 897
display  D   display_settings.c:214  debug_display_settings           [   0.07060] color: 16 (rgba 5650), depth: 0, stencil: 0, acc: 0000, samples: 0/0
display  D   display_settings.c:529  _al_score_display_settings       [   0.07068] Score is : 897
display  D   display_settings.c:214  debug_display_settings           [   0.07076] color: 16 (rgba 5650), depth: 0, stencil: 0, acc: 0000, samples: 2/1
display  D   display_settings.c:529  _al_score_display_settings       [   0.07084] Score is : 726
display  D   display_settings.c:214  debug_display_settings           [   0.07091] color: 16 (rgba 5650), depth: 0, stencil: 0, acc: 0000, samples: 3/1
display  D   display_settings.c:529  _al_score_display_settings       [   0.07100] Score is : 721
display  D   display_settings.c:214  debug_display_settings           [   0.07109] color: 16 (rgba 5650), depth: 0, stencil: 0, acc: 0000, samples: 4/1
display  D   display_settings.c:529  _al_score_display_settings       [   0.07132] Score is : 717
display  D   display_settings.c:214  debug_display_settings           [   0.07141] color: 16 (rgba 5650), depth: 0, stencil: 0, acc: 0000, samples: 5/1
display  D   display_settings.c:529  _al_score_display_settings       [   0.07150] Score is : 715
display  D   display_settings.c:214  debug_display_settings           [   0.07159] color: 16 (rgba 5650), depth: 0, stencil: 0, acc: 0000, samples: 6/1
display  D   display_settings.c:529  _al_score_display_settings       [   0.07168] Score is : 714
display  D   display_settings.c:214  debug_display_settings           [   0.07176] color: 16 (rgba 5650), depth: 0, stencil: 0, acc: 0000, samples: 7/1
display  D   display_settings.c:529  _al_score_display_settings       [   0.07185] Score is : 713
display  D   display_settings.c:214  debug_display_settings           [   0.07193] color: 16 (rgba 5650), depth: 0, stencil: 0, acc: 0000, samples: 8/1
display  D   display_settings.c:529  _al_score_display_settings       [   0.07202] Score is : 712
display  D   display_settings.c:214  debug_display_settings           [   0.07214] color: 16 (rgba 5650), depth: 24, stencil: 8, acc: 0000, samples: 0/0
display  D   display_settings.c:529  _al_score_display_settings       [   0.07228] Score is : 897
display  D   display_settings.c:214  debug_display_settings           [   0.07237] color: 16 (rgba 5650), depth: 24, stencil: 8, acc: 0000, samples: 0/0
display  D   display_settings.c:529  _al_score_display_settings       [   0.07247] Score is : 897
display  D   display_settings.c:214  debug_display_settings           [   0.07255] color: 16 (rgba 5650), depth: 24, stencil: 8, acc: 0000, samples: 2/1
display  D   display_settings.c:529  _al_score_display_settings       [   0.07263] Score is : 726
display  D   display_settings.c:214  debug_display_settings           [   0.07270] color: 16 (rgba 5650), depth: 24, stencil: 8, acc: 0000, samples: 3/1
display  D   display_settings.c:529  _al_score_display_settings       [   0.07279] Score is : 721
display  D   display_settings.c:214  debug_display_settings           [   0.07286] color: 16 (rgba 5650), depth: 24, stencil: 8, acc: 0000, samples: 4/1
display  D   display_settings.c:529  _al_score_display_settings       [   0.07295] Score is : 717
display  D   display_settings.c:214  debug_display_settings           [   0.07302] color: 16 (rgba 5650), depth: 24, stencil: 8, acc: 0000, samples: 5/1
display  D   display_settings.c:529  _al_score_display_settings       [   0.07315] Score is : 715
display  D   display_settings.c:214  debug_display_settings           [   0.07325] color: 16 (rgba 5650), depth: 24, stencil: 8, acc: 0000, samples: 6/1
display  D   display_settings.c:529  _al_score_display_settings       [   0.07334] Score is : 714
display  D   display_settings.c:214  debug_display_settings           [   0.07344] color: 16 (rgba 5650), depth: 24, stencil: 8, acc: 0000, samples: 7/1
display  D   display_settings.c:529  _al_score_display_settings       [   0.07355] Score is : 713
display  D   display_settings.c:214  debug_display_settings           [   0.07362] color: 16 (rgba 5650), depth: 24, stencil: 8, acc: 0000, samples: 8/1
display  D   display_settings.c:529  _al_score_display_settings       [   0.07370] Score is : 712
display  D   display_settings.c:214  debug_display_settings           [   0.07380] color: 16 (rgba 5650), depth: 24, stencil: 0, acc: 0000, samples: 0/0
display  D   display_settings.c:529  _al_score_display_settings       [   0.07389] Score is : 897
display  D   display_settings.c:214  debug_display_settings           [   0.07396] color: 16 (rgba 5650), depth: 24, stencil: 0, acc: 0000, samples: 0/0
display  D   display_settings.c:529  _al_score_display_settings       [   0.07406] Score is : 897
display  D   display_settings.c:214  debug_display_settings           [   0.07415] color: 16 (rgba 5650), depth: 24, stencil: 0, acc: 0000, samples: 2/1
display  D   display_settings.c:529  _al_score_display_settings       [   0.07423] Score is : 726
display  D   display_settings.c:214  debug_display_settings           [   0.07434] color: 16 (rgba 5650), depth: 24, stencil: 0, acc: 0000, samples: 3/1
display  D   display_settings.c:529  _al_score_display_settings       [   0.07444] Score is : 721
display  D   display_settings.c:214  debug_display_settings           [   0.07454] color: 16 (rgba 5650), depth: 24, stencil: 0, acc: 0000, samples: 4/1
display  D   display_settings.c:529  _al_score_display_settings       [   0.07464] Score is : 717
display  D   display_settings.c:214  debug_display_settings           [   0.07472] color: 16 (rgba 5650), depth: 24, stencil: 0, acc: 0000, samples: 5/1
display  D   display_settings.c:529  _al_score_display_settings       [   0.07481] Score is : 715
display  D   display_settings.c:214  debug_display_settings           [   0.07488] color: 16 (rgba 5650), depth: 24, stencil: 0, acc: 0000, samples: 6/1
display  D   display_settings.c:529  _al_score_display_settings       [   0.07496] Score is : 714
display  D   display_settings.c:214  debug_display_settings           [   0.07504] color: 16 (rgba 5650), depth: 24, stencil: 0, acc: 0000, samples: 7/1
display  D   display_settings.c:529  _al_score_display_settings       [   0.07512] Score is : 713
display  D   display_settings.c:214  debug_display_settings           [   0.07519] color: 16 (rgba 5650), depth: 24, stencil: 0, acc: 0000, samples: 8/1
display  D   display_settings.c:529  _al_score_display_settings       [   0.07528] Score is : 712
display  D   display_settings.c:214  debug_display_settings           [   0.07537] color: 16 (rgba 5650), depth: 16, stencil: 0, acc: 0000, samples: 0/0
display  D   display_settings.c:529  _al_score_display_settings       [   0.07546] Score is : 897
display  D   display_settings.c:214  debug_display_settings           [   0.07555] color: 16 (rgba 5650), depth: 16, stencil: 0, acc: 0000, samples: 0/0
display  D   display_settings.c:529  _al_score_display_settings       [   0.07564] Score is : 897
display  D   display_settings.c:214  debug_display_settings           [   0.07572] color: 16 (rgba 5650), depth: 16, stencil: 0, acc: 0000, samples: 2/1
display  D   display_settings.c:529  _al_score_display_settings       [   0.07580] Score is : 726
display  D   display_settings.c:214  debug_display_settings           [   0.07588] color: 16 (rgba 5650), depth: 16, stencil: 0, acc: 0000, samples: 3/1
display  D   display_settings.c:529  _al_score_display_settings       [   0.07596] Score is : 721
display  D   display_settings.c:214  debug_display_settings           [   0.07603] color: 16 (rgba 5650), depth: 16, stencil: 0, acc: 0000, samples: 4/1
display  D   display_settings.c:529  _al_score_display_settings       [   0.07612] Score is : 717
display  D   display_settings.c:214  debug_display_settings           [   0.07620] color: 16 (rgba 5650), depth: 16, stencil: 0, acc: 0000, samples: 5/1
display  D   display_settings.c:529  _al_score_display_settings       [   0.07628] Score is : 715
display  D   display_settings.c:214  debug_display_settings           [   0.07636] color: 16 (rgba 5650), depth: 16, stencil: 0, acc: 0000, samples: 6/1
display  D   display_settings.c:529  _al_score_display_settings       [   0.07644] Score is : 714
display  D   display_settings.c:214  debug_display_settings           [   0.07651] color: 16 (rgba 5650), depth: 16, stencil: 0, acc: 0000, samples: 7/1
display  D   display_settings.c:529  _al_score_display_settings       [   0.07661] Score is : 713
display  D   display_settings.c:214  debug_display_settings           [   0.07670] color: 16 (rgba 5650), depth: 16, stencil: 0, acc: 0000, samples: 8/1
display  D   display_settings.c:529  _al_score_display_settings       [   0.07678] Score is : 712
display  D   display_settings.c:214  debug_display_settings           [   0.07687] color: 32 (rgba 8880), depth: 0, stencil: 0, acc: 0000, samples: 0/0
display  D   display_settings.c:400  _al_score_display_settings       [   0.07695] Single Buffer requirement not met.
display  D   display_settings.c:214  debug_display_settings           [   0.07705] color: 32 (rgba 8880), depth: 0, stencil: 0, acc: 0000, samples: 0/0
display  D   display_settings.c:400  _al_score_display_settings       [   0.07714] Single Buffer requirement not met.
display  D   display_settings.c:214  debug_display_settings           [   0.07723] color: 32 (rgba 8880), depth: 0, stencil: 0, acc: 0000, samples: 2/1
display  D   display_settings.c:400  _al_score_display_settings       [   0.07731] Single Buffer requirement not met.
display  D   display_settings.c:214  debug_display_settings           [   0.07739] color: 32 (rgba 8880), depth: 0, stencil: 0, acc: 0000, samples: 3/1
display  D   display_settings.c:400  _al_score_display_settings       [   0.07749] Single Buffer requirement not met.
display  D   display_settings.c:214  debug_display_settings           [   0.07757] color: 32 (rgba 8880), depth: 0, stencil: 0, acc: 0000, samples: 4/1
display  D   display_settings.c:400  _al_score_display_settings       [   0.07765] Single Buffer requirement not met.
display  D   display_settings.c:214  debug_display_settings           [   0.07774] color: 32 (rgba 8880), depth: 0, stencil: 0, acc: 0000, samples: 5/1
display  D   display_settings.c:400  _al_score_display_settings       [   0.07782] Single Buffer requirement not met.
display  D   display_settings.c:214  debug_display_settings           [   0.07790] color: 32 (rgba 8880), depth: 0, stencil: 0, acc: 0000, samples: 6/1
display  D   display_settings.c:400  _al_score_display_settings       [   0.07799] Single Buffer requirement not met.
display  D   display_settings.c:214  debug_display_settings           [   0.07807] color: 32 (rgba 8880), depth: 0, stencil: 0, acc: 0000, samples: 7/1
display  D   display_settings.c:400  _al_score_display_settings       [   0.07817] Single Buffer requirement not met.
display  D   display_settings.c:214  debug_display_settings           [   0.07825] color: 32 (rgba 8880), depth: 0, stencil: 0, acc: 0000, samples: 8/1
display  D   display_settings.c:400  _al_score_display_settings       [   0.07834] Single Buffer requirement not met.
display  D   display_settings.c:214  debug_display_settings           [   0.07841] color: 32 (rgba 8880), depth: 24, stencil: 8, acc: 0000, samples: 0/0
display  D   display_settings.c:400  _al_score_display_settings       [   0.07849] Single Buffer requirement not met.
display  D   display_settings.c:214  debug_display_settings           [   0.07858] color: 32 (rgba 8880), depth: 24, stencil: 8, acc: 0000, samples: 0/0
display  D   display_settings.c:400  _al_score_display_settings       [   0.07867] Single Buffer requirement not met.
display  D   display_settings.c:214  debug_display_settings           [   0.07875] color: 32 (rgba 8880), depth: 24, stencil: 8, acc: 0000, samples: 2/1
display  D   display_settings.c:400  _al_score_display_settings       [   0.07884] Single Buffer requirement not met.
display  D   display_settings.c:214  debug_display_settings           [   0.07892] color: 32 (rgba 8880), depth: 24, stencil: 8, acc: 0000, samples: 3/1
display  D   display_settings.c:400  _al_score_display_settings       [   0.07902] Single Buffer requirement not met.
display  D   display_settings.c:214  debug_display_settings           [   0.07911] color: 32 (rgba 8880), depth: 24, stencil: 8, acc: 0000, samples: 4/1
display  D   display_settings.c:400  _al_score_display_settings       [   0.07919] Single Buffer requirement not met.
display  D   display_settings.c:214  debug_display_settings           [   0.07927] color: 32 (rgba 8880), depth: 24, stencil: 8, acc: 0000, samples: 5/1
display  D   display_settings.c:400  _al_score_display_settings       [   0.07935] Single Buffer requirement not met.
display  D   display_settings.c:214  debug_display_settings           [   0.07942] color: 32 (rgba 8880), depth: 24, stencil: 8, acc: 0000, samples: 6/1
display  D   display_settings.c:400  _al_score_display_settings       [   0.07950] Single Buffer requirement not met.
display  D   display_settings.c:214  debug_display_settings           [   0.07959] color: 32 (rgba 8880), depth: 24, stencil: 8, acc: 0000, samples: 7/1
display  D   display_settings.c:400  _al_score_display_settings       [   0.07967] Single Buffer requirement not met.
display  D   display_settings.c:214  debug_display_settings           [   0.07974] color: 32 (rgba 8880), depth: 24, stencil: 8, acc: 0000, samples: 8/1
display  D   display_settings.c:400  _al_score_display_settings       [   0.07982] Single Buffer requirement not met.
display  D   display_settings.c:214  debug_display_settings           [   0.07990] color: 32 (rgba 8880), depth: 24, stencil: 0, acc: 0000, samples: 0/0
display  D   display_settings.c:400  _al_score_display_settings       [   0.07997] Single Buffer requirement not met.
display  D   display_settings.c:214  debug_display_settings           [   0.08005] color: 32 (rgba 8880), depth: 24, stencil: 0, acc: 0000, samples: 0/0
display  D   display_settings.c:400  _al_score_display_settings       [   0.08013] Single Buffer requirement not met.
display  D   display_settings.c:214  debug_display_settings           [   0.08021] color: 32 (rgba 8880), depth: 24, stencil: 0, acc: 0000, samples: 2/1
display  D   display_settings.c:400  _al_score_display_settings       [   0.08032] Single Buffer requirement not met.
display  D   display_settings.c:214  debug_display_settings           [   0.08042] color: 32 (rgba 8880), depth: 24, stencil: 0, acc: 0000, samples: 3/1
display  D   display_settings.c:400  _al_score_display_settings       [   0.08050] Single Buffer requirement not met.
display  D   display_settings.c:214  debug_display_settings           [   0.08059] color: 32 (rgba 8880), depth: 24, stencil: 0, acc: 0000, samples: 4/1
display  D   display_settings.c:400  _al_score_display_settings       [   0.08068] Single Buffer requirement not met.
display  D   display_settings.c:214  debug_display_settings           [   0.08077] color: 32 (rgba 8880), depth: 24, stencil: 0, acc: 0000, samples: 5/1
display  D   display_settings.c:400  _al_score_display_settings       [   0.08085] Single Buffer requirement not met.
display  D   display_settings.c:214  debug_display_settings           [   0.08094] color: 32 (rgba 8880), depth: 24, stencil: 0, acc: 0000, samples: 6/1
display  D   display_settings.c:400  _al_score_display_settings       [   0.08104] Single Buffer requirement not met.
display  D   display_settings.c:214  debug_display_settings           [   0.08112] color: 32 (rgba 8880), depth: 24, stencil: 0, acc: 0000, samples: 7/1
display  D   display_settings.c:400  _al_score_display_settings       [   0.08120] Single Buffer requirement not met.
display  D   display_settings.c:214  debug_display_settings           [   0.08128] color: 32 (rgba 8880), depth: 24, stencil: 0, acc: 0000, samples: 8/1
display  D   display_settings.c:400  _al_score_display_settings       [   0.08136] Single Buffer requirement not met.
display  D   display_settings.c:214  debug_display_settings           [   0.08144] color: 32 (rgba 8880), depth: 16, stencil: 0, acc: 0000, samples: 0/0
display  D   display_settings.c:400  _al_score_display_settings       [   0.08153] Single Buffer requirement not met.
display  D   display_settings.c:214  debug_display_settings           [   0.08161] color: 32 (rgba 8880), depth: 16, stencil: 0, acc: 0000, samples: 0/0
display  D   display_settings.c:400  _al_score_display_settings       [   0.08170] Single Buffer requirement not met.
display  D   display_settings.c:214  debug_display_settings           [   0.08177] color: 32 (rgba 8880), depth: 16, stencil: 0, acc: 0000, samples: 2/1
display  D   display_settings.c:400  _al_score_display_settings       [   0.08187] Single Buffer requirement not met.
display  D   display_settings.c:214  debug_display_settings           [   0.08196] color: 32 (rgba 8880), depth: 16, stencil: 0, acc: 0000, samples: 3/1
display  D   display_settings.c:400  _al_score_display_settings       [   0.08214] Single Buffer requirement not met.
display  D   display_settings.c:214  debug_display_settings           [   0.08226] color: 32 (rgba 8880), depth: 16, stencil: 0, acc: 0000, samples: 4/1
display  D   display_settings.c:400  _al_score_display_settings       [   0.08237] Single Buffer requirement not met.
display  D   display_settings.c:214  debug_display_settings           [   0.08247] color: 32 (rgba 8880), depth: 16, stencil: 0, acc: 0000, samples: 5/1
display  D   display_settings.c:400  _al_score_display_settings       [   0.08256] Single Buffer requirement not met.
display  D   display_settings.c:214  debug_display_settings           [   0.08264] color: 32 (rgba 8880), depth: 16, stencil: 0, acc: 0000, samples: 6/1
display  D   display_settings.c:400  _al_score_display_settings       [   0.08272] Single Buffer requirement not met.
display  D   display_settings.c:214  debug_display_settings           [   0.08284] color: 32 (rgba 8880), depth: 16, stencil: 0, acc: 0000, samples: 7/1
display  D   display_settings.c:400  _al_score_display_settings       [   0.08295] Single Buffer requirement not met.
display  D   display_settings.c:214  debug_display_settings           [   0.08305] color: 32 (rgba 8880), depth: 16, stencil: 0, acc: 0000, samples: 8/1
display  D   display_settings.c:400  _al_score_display_settings       [   0.08316] Single Buffer requirement not met.
display  D   display_settings.c:214  debug_display_settings           [   0.08324] color: 16 (rgba 5650), depth: 0, stencil: 0, acc: 0000, samples: 0/0
display  D   display_settings.c:400  _al_score_display_settings       [   0.08333] Single Buffer requirement not met.
display  D   display_settings.c:214  debug_display_settings           [   0.08342] color: 16 (rgba 5650), depth: 0, stencil: 0, acc: 0000, samples: 0/0
display  D   display_settings.c:400  _al_score_display_settings       [   0.08351] Single Buffer requirement not met.
display  D   display_settings.c:214  debug_display_settings           [   0.08360] color: 16 (rgba 5650), depth: 0, stencil: 0, acc: 0000, samples: 2/1
display  D   display_settings.c:400  _al_score_display_settings       [   0.08369] Single Buffer requirement not met.
display  D   display_settings.c:214  debug_display_settings           [   0.08377] color: 16 (rgba 5650), depth: 0, stencil: 0, acc: 0000, samples: 3/1
display  D   display_settings.c:400  _al_score_display_settings       [   0.08385] Single Buffer requirement not met.
display  D   display_settings.c:214  debug_display_settings           [   0.08392] color: 16 (rgba 5650), depth: 0, stencil: 0, acc: 0000, samples: 4/1
display  D   display_settings.c:400  _al_score_display_settings       [   0.08400] Single Buffer requirement not met.
display  D   display_settings.c:214  debug_display_settings           [   0.08408] color: 16 (rgba 5650), depth: 0, stencil: 0, acc: 0000, samples: 5/1
display  D   display_settings.c:400  _al_score_display_settings       [   0.08416] Single Buffer requirement not met.
display  D   display_settings.c:214  debug_display_settings           [   0.08424] color: 16 (rgba 5650), depth: 0, stencil: 0, acc: 0000, samples: 6/1
display  D   display_settings.c:400  _al_score_display_settings       [   0.08431] Single Buffer requirement not met.
display  D   display_settings.c:214  debug_display_settings           [   0.08439] color: 16 (rgba 5650), depth: 0, stencil: 0, acc: 0000, samples: 7/1
display  D   display_settings.c:400  _al_score_display_settings       [   0.08448] Single Buffer requirement not met.
display  D   display_settings.c:214  debug_display_settings           [   0.08458] color: 16 (rgba 5650), depth: 0, stencil: 0, acc: 0000, samples: 8/1
display  D   display_settings.c:400  _al_score_display_settings       [   0.08467] Single Buffer requirement not met.
display  D   display_settings.c:214  debug_display_settings           [   0.08475] color: 16 (rgba 5650), depth: 24, stencil: 8, acc: 0000, samples: 0/0
display  D   display_settings.c:400  _al_score_display_settings       [   0.08484] Single Buffer requirement not met.
display  D   display_settings.c:214  debug_display_settings           [   0.08501] color: 16 (rgba 5650), depth: 24, stencil: 8, acc: 0000, samples: 0/0
display  D   display_settings.c:400  _al_score_display_settings       [   0.08510] Single Buffer requirement not met.
display  D   display_settings.c:214  debug_display_settings           [   0.08518] color: 16 (rgba 5650), depth: 24, stencil: 8, acc: 0000, samples: 2/1
display  D   display_settings.c:400  _al_score_display_settings       [   0.08528] Single Buffer requirement not met.
display  D   display_settings.c:214  debug_display_settings           [   0.08538] color: 16 (rgba 5650), depth: 24, stencil: 8, acc: 0000, samples: 3/1
display  D   display_settings.c:400  _al_score_display_settings       [   0.08548] Single Buffer requirement not met.
display  D   display_settings.c:214  debug_display_settings           [   0.08557] color: 16 (rgba 5650), depth: 24, stencil: 8, acc: 0000, samples: 4/1
display  D   display_settings.c:400  _al_score_display_settings       [   0.08566] Single Buffer requirement not met.
display  D   display_settings.c:214  debug_display_settings           [   0.08574] color: 16 (rgba 5650), depth: 24, stencil: 8, acc: 0000, samples: 5/1
display  D   display_settings.c:400  _al_score_display_settings       [   0.08584] Single Buffer requirement not met.
display  D   display_settings.c:214  debug_display_settings           [   0.08593] color: 16 (rgba 5650), depth: 24, stencil: 8, acc: 0000, samples: 6/1
display  D   display_settings.c:400  _al_score_display_settings       [   0.08602] Single Buffer requirement not met.
display  D   display_settings.c:214  debug_display_settings           [   0.08611] color: 16 (rgba 5650), depth: 24, stencil: 8, acc: 0000, samples: 7/1
display  D   display_settings.c:400  _al_score_display_settings       [   0.08621] Single Buffer requirement not met.
display  D   display_settings.c:214  debug_display_settings           [   0.08629] color: 16 (rgba 5650), depth: 24, stencil: 8, acc: 0000, samples: 8/1
display  D   display_settings.c:400  _al_score_display_settings       [   0.08639] Single Buffer requirement not met.
display  D   display_settings.c:214  debug_display_settings           [   0.08647] color: 16 (rgba 5650), depth: 24, stencil: 0, acc: 0000, samples: 0/0
display  D   display_settings.c:400  _al_score_display_settings       [   0.08656] Single Buffer requirement not met.
display  D   display_settings.c:214  debug_display_settings           [   0.08665] color: 16 (rgba 5650), depth: 24, stencil: 0, acc: 0000, samples: 0/0
display  D   display_settings.c:400  _al_score_display_settings       [   0.08673] Single Buffer requirement not met.
display  D   display_settings.c:214  debug_display_settings           [   0.08681] color: 16 (rgba 5650), depth: 24, stencil: 0, acc: 0000, samples: 2/1
display  D   display_settings.c:400  _al_score_display_settings       [   0.08690] Single Buffer requirement not met.
display  D   display_settings.c:214  debug_display_settings           [   0.08699] color: 16 (rgba 5650), depth: 24, stencil: 0, acc: 0000, samples: 3/1
display  D   display_settings.c:400  _al_score_display_settings       [   0.08711] Single Buffer requirement not met.
display  D   display_settings.c:214  debug_display_settings           [   0.08720] color: 16 (rgba 5650), depth: 24, stencil: 0, acc: 0000, samples: 4/1
display  D   display_settings.c:400  _al_score_display_settings       [   0.08731] Single Buffer requirement not met.
display  D   display_settings.c:214  debug_display_settings           [   0.08739] color: 16 (rgba 5650), depth: 24, stencil: 0, acc: 0000, samples: 5/1
display  D   display_settings.c:400  _al_score_display_settings       [   0.08747] Single Buffer requirement not met.
display  D   display_settings.c:214  debug_display_settings           [   0.08755] color: 16 (rgba 5650), depth: 24, stencil: 0, acc: 0000, samples: 6/1
display  D   display_settings.c:400  _al_score_display_settings       [   0.08763] Single Buffer requirement not met.
display  D   display_settings.c:214  debug_display_settings           [   0.08780] color: 16 (rgba 5650), depth: 24, stencil: 0, acc: 0000, samples: 7/1
display  D   display_settings.c:400  _al_score_display_settings       [   0.08795] Single Buffer requirement not met.
display  D   display_settings.c:214  debug_display_settings           [   0.08806] color: 16 (rgba 5650), depth: 24, stencil: 0, acc: 0000, samples: 8/1
display  D   display_settings.c:400  _al_score_display_settings       [   0.08815] Single Buffer requirement not met.
display  D   display_settings.c:214  debug_display_settings           [   0.08823] color: 16 (rgba 5650), depth: 16, stencil: 0, acc: 0000, samples: 0/0
display  D   display_settings.c:400  _al_score_display_settings       [   0.08834] Single Buffer requirement not met.
display  D   display_settings.c:214  debug_display_settings           [   0.08843] color: 16 (rgba 5650), depth: 16, stencil: 0, acc: 0000, samples: 0/0
display  D   display_settings.c:400  _al_score_display_settings       [   0.08853] Single Buffer requirement not met.
display  D   display_settings.c:214  debug_display_settings           [   0.08861] color: 16 (rgba 5650), depth: 16, stencil: 0, acc: 0000, samples: 2/1
display  D   display_settings.c:400  _al_score_display_settings       [   0.08870] Single Buffer requirement not met.
display  D   display_settings.c:214  debug_display_settings           [   0.08879] color: 16 (rgba 5650), depth: 16, stencil: 0, acc: 0000, samples: 3/1
display  D   display_settings.c:400  _al_score_display_settings       [   0.08887] Single Buffer requirement not met.
display  D   display_settings.c:214  debug_display_settings           [   0.08895] color: 16 (rgba 5650), depth: 16, stencil: 0, acc: 0000, samples: 4/1
display  D   display_settings.c:400  _al_score_display_settings       [   0.08903] Single Buffer requirement not met.
display  D   display_settings.c:214  debug_display_settings           [   0.08911] color: 16 (rgba 5650), depth: 16, stencil: 0, acc: 0000, samples: 5/1
display  D   display_settings.c:400  _al_score_display_settings       [   0.08919] Single Buffer requirement not met.
display  D   display_settings.c:214  debug_display_settings           [   0.08926] color: 16 (rgba 5650), depth: 16, stencil: 0, acc: 0000, samples: 6/1
display  D   display_settings.c:400  _al_score_display_settings       [   0.08934] Single Buffer requirement not met.
display  D   display_settings.c:214  debug_display_settings           [   0.08942] color: 16 (rgba 5650), depth: 16, stencil: 0, acc: 0000, samples: 7/1
display  D   display_settings.c:400  _al_score_display_settings       [   0.08950] Single Buffer requirement not met.
display  D   display_settings.c:214  debug_display_settings           [   0.08957] color: 16 (rgba 5650), depth: 16, stencil: 0, acc: 0000, samples: 8/1
display  D   display_settings.c:400  _al_score_display_settings       [   0.08965] Single Buffer requirement not met.
display  D   display_settings.c:214  debug_display_settings           [   0.08973] color: 32 (rgba 8880), depth: 0, stencil: 0, acc: 0000, samples: 0/0
display  D   display_settings.c:529  _al_score_display_settings       [   0.08981] Score is : 769
display  D   display_settings.c:214  debug_display_settings           [   0.08988] color: 32 (rgba 8880), depth: 0, stencil: 0, acc: 0000, samples: 0/0
display  D   display_settings.c:529  _al_score_display_settings       [   0.08996] Score is : 769
display  D   display_settings.c:214  debug_display_settings           [   0.09004] color: 32 (rgba 8880), depth: 0, stencil: 0, acc: 0000, samples: 2/1
display  D   display_settings.c:529  _al_score_display_settings       [   0.09012] Score is : 598
display  D   display_settings.c:214  debug_display_settings           [   0.09020] color: 32 (rgba 8880), depth: 0, stencil: 0, acc: 0000, samples: 3/1
display  D   display_settings.c:529  _al_score_display_settings       [   0.09028] Score is : 593
display  D   display_settings.c:214  debug_display_settings           [   0.09035] color: 32 (rgba 8880), depth: 0, stencil: 0, acc: 0000, samples: 4/1
display  D   display_settings.c:529  _al_score_display_settings       [   0.09044] Score is : 589
display  D   display_settings.c:214  debug_display_settings           [   0.09052] color: 32 (rgba 8880), depth: 0, stencil: 0, acc: 0000, samples: 5/1
display  D   display_settings.c:529  _al_score_display_settings       [   0.09060] Score is : 587
display  D   display_settings.c:214  debug_display_settings           [   0.09067] color: 32 (rgba 8880), depth: 0, stencil: 0, acc: 0000, samples: 6/1
display  D   display_settings.c:529  _al_score_display_settings       [   0.09075] Score is : 586
display  D   display_settings.c:214  debug_display_settings           [   0.09082] color: 32 (rgba 8880), depth: 0, stencil: 0, acc: 0000, samples: 7/1
display  D   display_settings.c:529  _al_score_display_settings       [   0.09090] Score is : 585
display  D   display_settings.c:214  debug_display_settings           [   0.09098] color: 32 (rgba 8880), depth: 0, stencil: 0, acc: 0000, samples: 8/1
display  D   display_settings.c:529  _al_score_display_settings       [   0.09106] Score is : 584
display  D   display_settings.c:214  debug_display_settings           [   0.09113] color: 32 (rgba 8880), depth: 24, stencil: 8, acc: 0000, samples: 0/0
display  D   display_settings.c:529  _al_score_display_settings       [   0.09121] Score is : 769
display  D   display_settings.c:214  debug_display_settings           [   0.09129] color: 32 (rgba 8880), depth: 24, stencil: 8, acc: 0000, samples: 0/0
display  D   display_settings.c:529  _al_score_display_settings       [   0.09137] Score is : 769
display  D   display_settings.c:214  debug_display_settings           [   0.09144] color: 32 (rgba 8880), depth: 24, stencil: 8, acc: 0000, samples: 2/1
display  D   display_settings.c:529  _al_score_display_settings       [   0.09153] Score is : 598
display  D   display_settings.c:214  debug_display_settings           [   0.09160] color: 32 (rgba 8880), depth: 24, stencil: 8, acc: 0000, samples: 3/1
display  D   display_settings.c:529  _al_score_display_settings       [   0.09168] Score is : 593
display  D   display_settings.c:214  debug_display_settings           [   0.09176] color: 32 (rgba 8880), depth: 24, stencil: 8, acc: 0000, samples: 4/1
display  D   display_settings.c:529  _al_score_display_settings       [   0.09184] Score is : 589
display  D   display_settings.c:214  debug_display_settings           [   0.09191] color: 32 (rgba 8880), depth: 24, stencil: 8, acc: 0000, samples: 5/1
display  D   display_settings.c:529  _al_score_display_settings       [   0.09201] Score is : 587
display  D   display_settings.c:214  debug_display_settings           [   0.09209] color: 32 (rgba 8880), depth: 24, stencil: 8, acc: 0000, samples: 6/1
display  D   display_settings.c:529  _al_score_display_settings       [   0.09217] Score is : 586
display  D   display_settings.c:214  debug_display_settings           [   0.09224] color: 32 (rgba 8880), depth: 24, stencil: 8, acc: 0000, samples: 7/1
display  D   display_settings.c:529  _al_score_display_settings       [   0.09232] Score is : 585
display  D   display_settings.c:214  debug_display_settings           [   0.09240] color: 32 (rgba 8880), depth: 24, stencil: 8, acc: 0000, samples: 8/1
display  D   display_settings.c:529  _al_score_display_settings       [   0.09248] Score is : 584
display  D   display_settings.c:214  debug_display_settings           [   0.09256] color: 32 (rgba 8880), depth: 24, stencil: 0, acc: 0000, samples: 0/0
display  D   display_settings.c:529  _al_score_display_settings       [   0.09264] Score is : 769
display  D   display_settings.c:214  debug_display_settings           [   0.09271] color: 32 (rgba 8880), depth: 24, stencil: 0, acc: 0000, samples: 0/0
display  D   display_settings.c:529  _al_score_display_settings       [   0.09279] Score is : 769
display  D   display_settings.c:214  debug_display_settings           [   0.09286] color: 32 (rgba 8880), depth: 24, stencil: 0, acc: 0000, samples: 2/1
display  D   display_settings.c:529  _al_score_display_settings       [   0.09294] Score is : 598
display  D   display_settings.c:214  debug_display_settings           [   0.09302] color: 32 (rgba 8880), depth: 24, stencil: 0, acc: 0000, samples: 3/1
display  D   display_settings.c:529  _al_score_display_settings       [   0.09311] Score is : 593
display  D   display_settings.c:214  debug_display_settings           [   0.09319] color: 32 (rgba 8880), depth: 24, stencil: 0, acc: 0000, samples: 4/1
display  D   display_settings.c:529  _al_score_display_settings       [   0.09327] Score is : 589
display  D   display_settings.c:214  debug_display_settings           [   0.09334] color: 32 (rgba 8880), depth: 24, stencil: 0, acc: 0000, samples: 5/1
display  D   display_settings.c:529  _al_score_display_settings       [   0.09342] Score is : 587
display  D   display_settings.c:214  debug_display_settings           [   0.09350] color: 32 (rgba 8880), depth: 24, stencil: 0, acc: 0000, samples: 6/1
display  D   display_settings.c:529  _al_score_display_settings       [   0.09358] Score is : 586
display  D   display_settings.c:214  debug_display_settings           [   0.09365] color: 32 (rgba 8880), depth: 24, stencil: 0, acc: 0000, samples: 7/1
display  D   display_settings.c:529  _al_score_display_settings       [   0.09373] Score is : 585
display  D   display_settings.c:214  debug_display_settings           [   0.09381] color: 32 (rgba 8880), depth: 24, stencil: 0, acc: 0000, samples: 8/1
display  D   display_settings.c:529  _al_score_display_settings       [   0.09388] Score is : 584
display  D   display_settings.c:214  debug_display_settings           [   0.09396] color: 32 (rgba 8880), depth: 16, stencil: 0, acc: 0000, samples: 0/0
display  D   display_settings.c:529  _al_score_display_settings       [   0.09404] Score is : 769
display  D   display_settings.c:214  debug_display_settings           [   0.09411] color: 32 (rgba 8880), depth: 16, stencil: 0, acc: 0000, samples: 0/0
display  D   display_settings.c:529  _al_score_display_settings       [   0.09419] Score is : 769
display  D   display_settings.c:214  debug_display_settings           [   0.09426] color: 32 (rgba 8880), depth: 16, stencil: 0, acc: 0000, samples: 2/1
display  D   display_settings.c:529  _al_score_display_settings       [   0.09434] Score is : 598
display  D   display_settings.c:214  debug_display_settings           [   0.09442] color: 32 (rgba 8880), depth: 16, stencil: 0, acc: 0000, samples: 3/1
display  D   display_settings.c:529  _al_score_display_settings       [   0.09450] Score is : 593
display  D   display_settings.c:214  debug_display_settings           [   0.09458] color: 32 (rgba 8880), depth: 16, stencil: 0, acc: 0000, samples: 4/1
display  D   display_settings.c:529  _al_score_display_settings       [   0.09468] Score is : 589
display  D   display_settings.c:214  debug_display_settings           [   0.09475] color: 32 (rgba 8880), depth: 16, stencil: 0, acc: 0000, samples: 5/1
display  D   display_settings.c:529  _al_score_display_settings       [   0.09484] Score is : 587
display  D   display_settings.c:214  debug_display_settings           [   0.09491] color: 32 (rgba 8880), depth: 16, stencil: 0, acc: 0000, samples: 6/1
display  D   display_settings.c:529  _al_score_display_settings       [   0.09499] Score is : 586
display  D   display_settings.c:214  debug_display_settings           [   0.09506] color: 32 (rgba 8880), depth: 16, stencil: 0, acc: 0000, samples: 7/1
display  D   display_settings.c:529  _al_score_display_settings       [   0.09514] Score is : 585
display  D   display_settings.c:214  debug_display_settings           [   0.09522] color: 32 (rgba 8880), depth: 16, stencil: 0, acc: 0000, samples: 8/1
display  D   display_settings.c:529  _al_score_display_settings       [   0.09530] Score is : 584
display  D   display_settings.c:214  debug_display_settings           [   0.09537] color: 16 (rgba 5650), depth: 0, stencil: 0, acc: 0000, samples: 0/0
display  D   display_settings.c:529  _al_score_display_settings       [   0.09544] Score is : 769
display  D   display_settings.c:214  debug_display_settings           [   0.09552] color: 16 (rgba 5650), depth: 0, stencil: 0, acc: 0000, samples: 0/0
display  D   display_settings.c:529  _al_score_display_settings       [   0.09560] Score is : 769
display  D   display_settings.c:214  debug_display_settings           [   0.09568] color: 16 (rgba 5650), depth: 0, stencil: 0, acc: 0000, samples: 2/1
display  D   display_settings.c:529  _al_score_display_settings       [   0.09577] Score is : 598
display  D   display_settings.c:214  debug_display_settings           [   0.09584] color: 16 (rgba 5650), depth: 0, stencil: 0, acc: 0000, samples: 3/1
display  D   display_settings.c:529  _al_score_display_settings       [   0.09592] Score is : 593
display  D   display_settings.c:214  debug_display_settings           [   0.09600] color: 16 (rgba 5650), depth: 0, stencil: 0, acc: 0000, samples: 4/1
display  D   display_settings.c:529  _al_score_display_settings       [   0.09608] Score is : 589
display  D   display_settings.c:214  debug_display_settings           [   0.09615] color: 16 (rgba 5650), depth: 0, stencil: 0, acc: 0000, samples: 5/1
display  D   display_settings.c:529  _al_score_display_settings       [   0.09623] Score is : 587
display  D   display_settings.c:214  debug_display_settings           [   0.09630] color: 16 (rgba 5650), depth: 0, stencil: 0, acc: 0000, samples: 6/1
display  D   display_settings.c:529  _al_score_display_settings       [   0.09638] Score is : 586
display  D   display_settings.c:214  debug_display_settings           [   0.09645] color: 16 (rgba 5650), depth: 0, stencil: 0, acc: 0000, samples: 7/1
display  D   display_settings.c:529  _al_score_display_settings       [   0.09653] Score is : 585
display  D   display_settings.c:214  debug_display_settings           [   0.09660] color: 16 (rgba 5650), depth: 0, stencil: 0, acc: 0000, samples: 8/1
display  D   display_settings.c:529  _al_score_display_settings       [   0.09668] Score is : 584
display  D   display_settings.c:214  debug_display_settings           [   0.09675] color: 16 (rgba 5650), depth: 24, stencil: 8, acc: 0000, samples: 0/0
display  D   display_settings.c:529  _al_score_display_settings       [   0.09683] Score is : 769
display  D   display_settings.c:214  debug_display_settings           [   0.09691] color: 16 (rgba 5650), depth: 24, stencil: 8, acc: 0000, samples: 0/0
display  D   display_settings.c:529  _al_score_display_settings       [   0.09699] Score is : 769
display  D   display_settings.c:214  debug_display_settings           [   0.09706] color: 16 (rgba 5650), depth: 24, stencil: 8, acc: 0000, samples: 2/1
display  D   display_settings.c:529  _al_score_display_settings       [   0.09714] Score is : 598
display  D   display_settings.c:214  debug_display_settings           [   0.09721] color: 16 (rgba 5650), depth: 24, stencil: 8, acc: 0000, samples: 3/1
display  D   display_settings.c:529  _al_score_display_settings       [   0.09729] Score is : 593
display  D   display_settings.c:214  debug_display_settings           [   0.09736] color: 16 (rgba 5650), depth: 24, stencil: 8, acc: 0000, samples: 4/1
display  D   display_settings.c:529  _al_score_display_settings       [   0.09744] Score is : 589
display  D   display_settings.c:214  debug_display_settings           [   0.09752] color: 16 (rgba 5650), depth: 24, stencil: 8, acc: 0000, samples: 5/1
display  D   display_settings.c:529  _al_score_display_settings       [   0.09760] Score is : 587
display  D   display_settings.c:214  debug_display_settings           [   0.09767] color: 16 (rgba 5650), depth: 24, stencil: 8, acc: 0000, samples: 6/1
display  D   display_settings.c:529  _al_score_display_settings       [   0.09775] Score is : 586
display  D   display_settings.c:214  debug_display_settings           [   0.09782] color: 16 (rgba 5650), depth: 24, stencil: 8, acc: 0000, samples: 7/1
display  D   display_settings.c:529  _al_score_display_settings       [   0.09790] Score is : 585
display  D   display_settings.c:214  debug_display_settings           [   0.09798] color: 16 (rgba 5650), depth: 24, stencil: 8, acc: 0000, samples: 8/1
display  D   display_settings.c:529  _al_score_display_settings       [   0.09807] Score is : 584
display  D   display_settings.c:214  debug_display_settings           [   0.09814] color: 16 (rgba 5650), depth: 24, stencil: 0, acc: 0000, samples: 0/0
display  D   display_settings.c:529  _al_score_display_settings       [   0.09822] Score is : 769
display  D   display_settings.c:214  debug_display_settings           [   0.09830] color: 16 (rgba 5650), depth: 24, stencil: 0, acc: 0000, samples: 0/0
display  D   display_settings.c:529  _al_score_display_settings       [   0.09838] Score is : 769
display  D   display_settings.c:214  debug_display_settings           [   0.09845] color: 16 (rgba 5650), depth: 24, stencil: 0, acc: 0000, samples: 2/1
display  D   display_settings.c:529  _al_score_display_settings       [   0.09853] Score is : 598
display  D   display_settings.c:214  debug_display_settings           [   0.09861] color: 16 (rgba 5650), depth: 24, stencil: 0, acc: 0000, samples: 3/1
display  D   display_settings.c:529  _al_score_display_settings       [   0.09869] Score is : 593
display  D   display_settings.c:214  debug_display_settings           [   0.09878] color: 16 (rgba 5650), depth: 24, stencil: 0, acc: 0000, samples: 4/1
display  D   display_settings.c:529  _al_score_display_settings       [   0.09886] Score is : 589
display  D   display_settings.c:214  debug_display_settings           [   0.09894] color: 16 (rgba 5650), depth: 24, stencil: 0, acc: 0000, samples: 5/1
display  D   display_settings.c:529  _al_score_display_settings       [   0.09902] Score is : 587
display  D   display_settings.c:214  debug_display_settings           [   0.09910] color: 16 (rgba 5650), depth: 24, stencil: 0, acc: 0000, samples: 6/1
display  D   display_settings.c:529  _al_score_display_settings       [   0.09918] Score is : 586
display  D   display_settings.c:214  debug_display_settings           [   0.09925] color: 16 (rgba 5650), depth: 24, stencil: 0, acc: 0000, samples: 7/1
display  D   display_settings.c:529  _al_score_display_settings       [   0.09938] Score is : 585
display  D   display_settings.c:214  debug_display_settings           [   0.09948] color: 16 (rgba 5650), depth: 24, stencil: 0, acc: 0000, samples: 8/1
display  D   display_settings.c:529  _al_score_display_settings       [   0.09956] Score is : 584
display  D   display_settings.c:214  debug_display_settings           [   0.09963] color: 16 (rgba 5650), depth: 16, stencil: 0, acc: 0000, samples: 0/0
display  D   display_settings.c:529  _al_score_display_settings       [   0.09971] Score is : 769
display  D   display_settings.c:214  debug_display_settings           [   0.09979] color: 16 (rgba 5650), depth: 16, stencil: 0, acc: 0000, samples: 0/0
display  D   display_settings.c:529  _al_score_display_settings       [   0.09987] Score is : 769
display  D   display_settings.c:214  debug_display_settings           [   0.09997] color: 16 (rgba 5650), depth: 16, stencil: 0, acc: 0000, samples: 2/1
display  D   display_settings.c:529  _al_score_display_settings       [   0.10007] Score is : 598
display  D   display_settings.c:214  debug_display_settings           [   0.10016] color: 16 (rgba 5650), depth: 16, stencil: 0, acc: 0000, samples: 3/1
display  D   display_settings.c:529  _al_score_display_settings       [   0.10024] Score is : 593
display  D   display_settings.c:214  debug_display_settings           [   0.10031] color: 16 (rgba 5650), depth: 16, stencil: 0, acc: 0000, samples: 4/1
display  D   display_settings.c:529  _al_score_display_settings       [   0.10040] Score is : 589
display  D   display_settings.c:214  debug_display_settings           [   0.10047] color: 16 (rgba 5650), depth: 16, stencil: 0, acc: 0000, samples: 5/1
display  D   display_settings.c:529  _al_score_display_settings       [   0.10056] Score is : 587
display  D   display_settings.c:214  debug_display_settings           [   0.10064] color: 16 (rgba 5650), depth: 16, stencil: 0, acc: 0000, samples: 6/1
display  D   display_settings.c:529  _al_score_display_settings       [   0.10073] Score is : 586
display  D   display_settings.c:214  debug_display_settings           [   0.10081] color: 16 (rgba 5650), depth: 16, stencil: 0, acc: 0000, samples: 7/1
display  D   display_settings.c:529  _al_score_display_settings       [   0.10089] Score is : 585
display  D   display_settings.c:214  debug_display_settings           [   0.10097] color: 16 (rgba 5650), depth: 16, stencil: 0, acc: 0000, samples: 8/1
display  D   display_settings.c:529  _al_score_display_settings       [   0.10105] Score is : 584
display  D   display_settings.c:214  debug_display_settings           [   0.10113] color: 32 (rgba 8880), depth: 0, stencil: 0, acc: 0000, samples: 0/0
display  D   display_settings.c:400  _al_score_display_settings       [   0.10121] Single Buffer requirement not met.
display  D   display_settings.c:214  debug_display_settings           [   0.10130] color: 32 (rgba 8880), depth: 0, stencil: 0, acc: 0000, samples: 0/0
display  D   display_settings.c:400  _al_score_display_settings       [   0.10146] Single Buffer requirement not met.
display  D   display_settings.c:214  debug_display_settings           [   0.10154] color: 32 (rgba 8880), depth: 0, stencil: 0, acc: 0000, samples: 2/1
display  D   display_settings.c:400  _al_score_display_settings       [   0.10163] Single Buffer requirement not met.
display  D   display_settings.c:214  debug_display_settings           [   0.10172] color: 32 (rgba 8880), depth: 0, stencil: 0, acc: 0000, samples: 3/1
display  D   display_settings.c:400  _al_score_display_settings       [   0.10181] Single Buffer requirement not met.
display  D   display_settings.c:214  debug_display_settings           [   0.10189] color: 32 (rgba 8880), depth: 0, stencil: 0, acc: 0000, samples: 4/1
display  D   display_settings.c:400  _al_score_display_settings       [   0.10197] Single Buffer requirement not met.
display  D   display_settings.c:214  debug_display_settings           [   0.10206] color: 32 (rgba 8880), depth: 0, stencil: 0, acc: 0000, samples: 5/1
display  D   display_settings.c:400  _al_score_display_settings       [   0.10214] Single Buffer requirement not met.
display  D   display_settings.c:214  debug_display_settings           [   0.10222] color: 32 (rgba 8880), depth: 0, stencil: 0, acc: 0000, samples: 6/1
display  D   display_settings.c:400  _al_score_display_settings       [   0.10230] Single Buffer requirement not met.
display  D   display_settings.c:214  debug_display_settings           [   0.10239] color: 32 (rgba 8880), depth: 0, stencil: 0, acc: 0000, samples: 7/1
display  D   display_settings.c:400  _al_score_display_settings       [   0.10247] Single Buffer requirement not met.
display  D   display_settings.c:214  debug_display_settings           [   0.10255] color: 32 (rgba 8880), depth: 0, stencil: 0, acc: 0000, samples: 8/1
display  D   display_settings.c:400  _al_score_display_settings       [   0.10263] Single Buffer requirement not met.
display  D   display_settings.c:214  debug_display_settings           [   0.10271] color: 32 (rgba 8880), depth: 24, stencil: 8, acc: 0000, samples: 0/0
display  D   display_settings.c:400  _al_score_display_settings       [   0.10279] Single Buffer requirement not met.
display  D   display_settings.c:214  debug_display_settings           [   0.10287] color: 32 (rgba 8880), depth: 24, stencil: 8, acc: 0000, samples: 0/0
display  D   display_settings.c:400  _al_score_display_settings       [   0.10296] Single Buffer requirement not met.
display  D   display_settings.c:214  debug_display_settings           [   0.10308] color: 32 (rgba 8880), depth: 24, stencil: 8, acc: 0000, samples: 2/1
display  D   display_settings.c:400  _al_score_display_settings       [   0.10319] Single Buffer requirement not met.
display  D   display_settings.c:214  debug_display_settings           [   0.10328] color: 32 (rgba 8880), depth: 24, stencil: 8, acc: 0000, samples: 3/1
display  D   display_settings.c:400  _al_score_display_settings       [   0.10338] Single Buffer requirement not met.
display  D   display_settings.c:214  debug_display_settings           [   0.10346] color: 32 (rgba 8880), depth: 24, stencil: 8, acc: 0000, samples: 4/1
display  D   display_settings.c:400  _al_score_display_settings       [   0.10356] Single Buffer requirement not met.
display  D   display_settings.c:214  debug_display_settings           [   0.10363] color: 32 (rgba 8880), depth: 24, stencil: 8, acc: 0000, samples: 5/1
display  D   display_settings.c:400  _al_score_display_settings       [   0.10371] Single Buffer requirement not met.
display  D   display_settings.c:214  debug_display_settings           [   0.10379] color: 32 (rgba 8880), depth: 24, stencil: 8, acc: 0000, samples: 6/1
display  D   display_settings.c:400  _al_score_display_settings       [   0.10387] Single Buffer requirement not met.
display  D   display_settings.c:214  debug_display_settings           [   0.10394] color: 32 (rgba 8880), depth: 24, stencil: 8, acc: 0000, samples: 7/1
display  D   display_settings.c:400  _al_score_display_settings       [   0.10402] Single Buffer requirement not met.
display  D   display_settings.c:214  debug_display_settings           [   0.10409] color: 32 (rgba 8880), depth: 24, stencil: 8, acc: 0000, samples: 8/1
display  D   display_settings.c:400  _al_score_display_settings       [   0.10417] Single Buffer requirement not met.
display  D   display_settings.c:214  debug_display_settings           [   0.10425] color: 32 (rgba 8880), depth: 24, stencil: 0, acc: 0000, samples: 0/0
display  D   display_settings.c:400  _al_score_display_settings       [   0.10433] Single Buffer requirement not met.
display  D   display_settings.c:214  debug_display_settings           [   0.10440] color: 32 (rgba 8880), depth: 24, stencil: 0, acc: 0000, samples: 0/0
display  D   display_settings.c:400  _al_score_display_settings       [   0.10448] Single Buffer requirement not met.
display  D   display_settings.c:214  debug_display_settings           [   0.10456] color: 32 (rgba 8880), depth: 24, stencil: 0, acc: 0000, samples: 2/1
display  D   display_settings.c:400  _al_score_display_settings       [   0.10463] Single Buffer requirement not met.
display  D   display_settings.c:214  debug_display_settings           [   0.10471] color: 32 (rgba 8880), depth: 24, stencil: 0, acc: 0000, samples: 3/1
display  D   display_settings.c:400  _al_score_display_settings       [   0.10479] Single Buffer requirement not met.
display  D   display_settings.c:214  debug_display_settings           [   0.10487] color: 32 (rgba 8880), depth: 24, stencil: 0, acc: 0000, samples: 4/1
display  D   display_settings.c:400  _al_score_display_settings       [   0.10495] Single Buffer requirement not met.
display  D   display_settings.c:214  debug_display_settings           [   0.10502] color: 32 (rgba 8880), depth: 24, stencil: 0, acc: 0000, samples: 5/1
display  D   display_settings.c:400  _al_score_display_settings       [   0.10510] Single Buffer requirement not met.
display  D   display_settings.c:214  debug_display_settings           [   0.10518] color: 32 (rgba 8880), depth: 24, stencil: 0, acc: 0000, samples: 6/1
display  D   display_settings.c:400  _al_score_display_settings       [   0.10526] Single Buffer requirement not met.
display  D   display_settings.c:214  debug_display_settings           [   0.10533] color: 32 (rgba 8880), depth: 24, stencil: 0, acc: 0000, samples: 7/1
display  D   display_settings.c:400  _al_score_display_settings       [   0.10541] Single Buffer requirement not met.
display  D   display_settings.c:214  debug_display_settings           [   0.10554] color: 32 (rgba 8880), depth: 24, stencil: 0, acc: 0000, samples: 8/1
display  D   display_settings.c:400  _al_score_display_settings       [   0.10564] Single Buffer requirement not met.
display  D   display_settings.c:214  debug_display_settings           [   0.10573] color: 32 (rgba 8880), depth: 16, stencil: 0, acc: 0000, samples: 0/0
display  D   display_settings.c:400  _al_score_display_settings       [   0.10587] Single Buffer requirement not met.
display  D   display_settings.c:214  debug_display_settings           [   0.10596] color: 32 (rgba 8880), depth: 16, stencil: 0, acc: 0000, samples: 0/0
display  D   display_settings.c:400  _al_score_display_settings       [   0.10604] Single Buffer requirement not met.
display  D   display_settings.c:214  debug_display_settings           [   0.10613] color: 32 (rgba 8880), depth: 16, stencil: 0, acc: 0000, samples: 2/1
display  D   display_settings.c:400  _al_score_display_settings       [   0.10622] Single Buffer requirement not met.
display  D   display_settings.c:214  debug_display_settings           [   0.10630] color: 32 (rgba 8880), depth: 16, stencil: 0, acc: 0000, samples: 3/1
display  D   display_settings.c:400  _al_score_display_settings       [   0.10639] Single Buffer requirement not met.
display  D   display_settings.c:214  debug_display_settings           [   0.10647] color: 32 (rgba 8880), depth: 16, stencil: 0, acc: 0000, samples: 4/1
display  D   display_settings.c:400  _al_score_display_settings       [   0.10655] Single Buffer requirement not met.
display  D   display_settings.c:214  debug_display_settings           [   0.10663] color: 32 (rgba 8880), depth: 16, stencil: 0, acc: 0000, samples: 5/1
display  D   display_settings.c:400  _al_score_display_settings       [   0.10671] Single Buffer requirement not met.
display  D   display_settings.c:214  debug_display_settings           [   0.10682] color: 32 (rgba 8880), depth: 16, stencil: 0, acc: 0000, samples: 6/1
display  D   display_settings.c:400  _al_score_display_settings       [   0.10692] Single Buffer requirement not met.
display  D   display_settings.c:214  debug_display_settings           [   0.10701] color: 32 (rgba 8880), depth: 16, stencil: 0, acc: 0000, samples: 7/1
display  D   display_settings.c:400  _al_score_display_settings       [   0.10711] Single Buffer requirement not met.
display  D   display_settings.c:214  debug_display_settings           [   0.10721] color: 32 (rgba 8880), depth: 16, stencil: 0, acc: 0000, samples: 8/1
display  D   display_settings.c:400  _al_score_display_settings       [   0.10730] Single Buffer requirement not met.
display  D   display_settings.c:214  debug_display_settings           [   0.10739] color: 16 (rgba 5650), depth: 0, stencil: 0, acc: 0000, samples: 0/0
display  D   display_settings.c:400  _al_score_display_settings       [   0.10747] Single Buffer requirement not met.
display  D   display_settings.c:214  debug_display_settings           [   0.10759] color: 16 (rgba 5650), depth: 0, stencil: 0, acc: 0000, samples: 0/0
display  D   display_settings.c:400  _al_score_display_settings       [   0.10768] Single Buffer requirement not met.
display  D   display_settings.c:214  debug_display_settings           [   0.10775] color: 16 (rgba 5650), depth: 0, stencil: 0, acc: 0000, samples: 2/1
display  D   display_settings.c:400  _al_score_display_settings       [   0.10784] Single Buffer requirement not met.
display  D   display_settings.c:214  debug_display_settings           [   0.10792] color: 16 (rgba 5650), depth: 0, stencil: 0, acc: 0000, samples: 3/1
display  D   display_settings.c:400  _al_score_display_settings       [   0.10803] Single Buffer requirement not met.
display  D   display_settings.c:214  debug_display_settings           [   0.10813] color: 16 (rgba 5650), depth: 0, stencil: 0, acc: 0000, samples: 4/1
display  D   display_settings.c:400  _al_score_display_settings       [   0.10830] Single Buffer requirement not met.
display  D   display_settings.c:214  debug_display_settings           [   0.10862] color: 16 (rgba 5650), depth: 0, stencil: 0, acc: 0000, samples: 5/1
display  D   display_settings.c:400  _al_score_display_settings       [   0.10899] Single Buffer requirement not met.
display  D   display_settings.c:214  debug_display_settings           [   0.10928] color: 16 (rgba 5650), depth: 0, stencil: 0, acc: 0000, samples: 6/1
display  D   display_settings.c:400  _al_score_display_settings       [   0.10982] Single Buffer requirement not met.
display  D   display_settings.c:214  debug_display_settings           [   0.11001] color: 16 (rgba 5650), depth: 0, stencil: 0, acc: 0000, samples: 7/1
display  D   display_settings.c:400  _al_score_display_settings       [   0.11014] Single Buffer requirement not met.
display  D   display_settings.c:214  debug_display_settings           [   0.11025] color: 16 (rgba 5650), depth: 0, stencil: 0, acc: 0000, samples: 8/1
display  D   display_settings.c:400  _al_score_display_settings       [   0.11045] Single Buffer requirement not met.
display  D   display_settings.c:214  debug_display_settings           [   0.11054] color: 16 (rgba 5650), depth: 24, stencil: 8, acc: 0000, samples: 0/0
display  D   display_settings.c:400  _al_score_display_settings       [   0.11063] Single Buffer requirement not met.
display  D   display_settings.c:214  debug_display_settings           [   0.11074] color: 16 (rgba 5650), depth: 24, stencil: 8, acc: 0000, samples: 0/0
display  D   display_settings.c:400  _al_score_display_settings       [   0.11096] Single Buffer requirement not met.
display  D   display_settings.c:214  debug_display_settings           [   0.11109] color: 16 (rgba 5650), depth: 24, stencil: 8, acc: 0000, samples: 2/1
display  D   display_settings.c:400  _al_score_display_settings       [   0.11118] Single Buffer requirement not met.
display  D   display_settings.c:214  debug_display_settings           [   0.11130] color: 16 (rgba 5650), depth: 24, stencil: 8, acc: 0000, samples: 3/1
display  D   display_settings.c:400  _al_score_display_settings       [   0.11146] Single Buffer requirement not met.
display  D   display_settings.c:214  debug_display_settings           [   0.11161] color: 16 (rgba 5650), depth: 24, stencil: 8, acc: 0000, samples: 4/1
display  D   display_settings.c:400  _al_score_display_settings       [   0.11172] Single Buffer requirement not met.
display  D   display_settings.c:214  debug_display_settings           [   0.11178] color: 16 (rgba 5650), depth: 24, stencil: 8, acc: 0000, samples: 5/1
display  D   display_settings.c:400  _al_score_display_settings       [   0.11189] Single Buffer requirement not met.
display  D   display_settings.c:214  debug_display_settings           [   0.11200] color: 16 (rgba 5650), depth: 24, stencil: 8, acc: 0000, samples: 6/1
display  D   display_settings.c:400  _al_score_display_settings       [   0.11217] Single Buffer requirement not met.
display  D   display_settings.c:214  debug_display_settings           [   0.11227] color: 16 (rgba 5650), depth: 24, stencil: 8, acc: 0000, samples: 7/1
display  D   display_settings.c:400  _al_score_display_settings       [   0.11236] Single Buffer requirement not met.
display  D   display_settings.c:214  debug_display_settings           [   0.11258] color: 16 (rgba 5650), depth: 24, stencil: 8, acc: 0000, samples: 8/1
display  D   display_settings.c:400  _al_score_display_settings       [   0.11268] Single Buffer requirement not met.
display  D   display_settings.c:214  debug_display_settings           [   0.11280] color: 16 (rgba 5650), depth: 24, stencil: 0, acc: 0000, samples: 0/0
display  D   display_settings.c:400  _al_score_display_settings       [   0.11289] Single Buffer requirement not met.
display  D   display_settings.c:214  debug_display_settings           [   0.11312] color: 16 (rgba 5650), depth: 24, stencil: 0, acc: 0000, samples: 0/0
display  D   display_settings.c:400  _al_score_display_settings       [   0.11322] Single Buffer requirement not met.
display  D   display_settings.c:214  debug_display_settings           [   0.11331] color: 16 (rgba 5650), depth: 24, stencil: 0, acc: 0000, samples: 2/1
display  D   display_settings.c:400  _al_score_display_settings       [   0.11341] Single Buffer requirement not met.
display  D   display_settings.c:214  debug_display_settings           [   0.11354] color: 16 (rgba 5650), depth: 24, stencil: 0, acc: 0000, samples: 3/1
display  D   display_settings.c:400  _al_score_display_settings       [   0.11364] Single Buffer requirement not met.
display  D   display_settings.c:214  debug_display_settings           [   0.11372] color: 16 (rgba 5650), depth: 24, stencil: 0, acc: 0000, samples: 4/1
display  D   display_settings.c:400  _al_score_display_settings       [   0.11384] Single Buffer requirement not met.
display  D   display_settings.c:214  debug_display_settings           [   0.11393] color: 16 (rgba 5650), depth: 24, stencil: 0, acc: 0000, samples: 5/1
display  D   display_settings.c:400  _al_score_display_settings       [   0.11402] Single Buffer requirement not met.
display  D   display_settings.c:214  debug_display_settings           [   0.11410] color: 16 (rgba 5650), depth: 24, stencil: 0, acc: 0000, samples: 6/1
display  D   display_settings.c:400  _al_score_display_settings       [   0.11421] Single Buffer requirement not met.
display  D   display_settings.c:214  debug_display_settings           [   0.11431] color: 16 (rgba 5650), depth: 24, stencil: 0, acc: 0000, samples: 7/1
display  D   display_settings.c:400  _al_score_display_settings       [   0.11446] Single Buffer requirement not met.
display  D   display_settings.c:214  debug_display_settings           [   0.11456] color: 16 (rgba 5650), depth: 24, stencil: 0, acc: 0000, samples: 8/1
display  D   display_settings.c:400  _al_score_display_settings       [   0.11475] Single Buffer requirement not met.
display  D   display_settings.c:214  debug_display_settings           [   0.11521] color: 16 (rgba 5650), depth: 16, stencil: 0, acc: 0000, samples: 0/0
display  D   display_settings.c:400  _al_score_display_settings       [   0.11547] Single Buffer requirement not met.
display  D   display_settings.c:214  debug_display_settings           [   0.11576] color: 16 (rgba 5650), depth: 16, stencil: 0, acc: 0000, samples: 0/0
display  D   display_settings.c:400  _al_score_display_settings       [   0.11585] Single Buffer requirement not met.
display  D   display_settings.c:214  debug_display_settings           [   0.11594] color: 16 (rgba 5650), depth: 16, stencil: 0, acc: 0000, samples: 2/1
display  D   display_settings.c:400  _al_score_display_settings       [   0.11604] Single Buffer requirement not met.
display  D   display_settings.c:214  debug_display_settings           [   0.11614] color: 16 (rgba 5650), depth: 16, stencil: 0, acc: 0000, samples: 3/1
display  D   display_settings.c:400  _al_score_display_settings       [   0.11622] Single Buffer requirement not met.
display  D   display_settings.c:214  debug_display_settings           [   0.11632] color: 16 (rgba 5650), depth: 16, stencil: 0, acc: 0000, samples: 4/1
display  D   display_settings.c:400  _al_score_display_settings       [   0.11641] Single Buffer requirement not met.
display  D   display_settings.c:214  debug_display_settings           [   0.11651] color: 16 (rgba 5650), depth: 16, stencil: 0, acc: 0000, samples: 5/1
display  D   display_settings.c:400  _al_score_display_settings       [   0.11666] Single Buffer requirement not met.
display  D   display_settings.c:214  debug_display_settings           [   0.11676] color: 16 (rgba 5650), depth: 16, stencil: 0, acc: 0000, samples: 6/1
display  D   display_settings.c:400  _al_score_display_settings       [   0.11686] Single Buffer requirement not met.
display  D   display_settings.c:214  debug_display_settings           [   0.11696] color: 16 (rgba 5650), depth: 16, stencil: 0, acc: 0000, samples: 7/1
display  D   display_settings.c:400  _al_score_display_settings       [   0.11706] Single Buffer requirement not met.
display  D   display_settings.c:214  debug_display_settings           [   0.11714] color: 16 (rgba 5650), depth: 16, stencil: 0, acc: 0000, samples: 8/1
display  D   display_settings.c:400  _al_score_display_settings       [   0.11723] Single Buffer requirement not met.
d3d      D         d3d_disp.cpp:1677 d3d_create_display_internals     [   0.11744] Trying format 0.
d3d      I         d3d_disp.cpp:1353 d3d_display_thread_proc          [   0.12108] Chose a display format: 23
d3d      I         d3d_disp.cpp:1422 d3d_display_thread_proc          [   0.12122] Normal window.
d3d      I         d3d_disp.cpp:786  d3d_create_device                [   0.17153] Using no depth stencil buffer
d3d      D         d3d_disp.cpp:848  d3d_create_device                [   0.21078] BeginScene succeeded in create_device
d3d      D         d3d_disp.cpp:856  d3d_create_device                [   0.21093] Success
d3d      D         d3d_disp.cpp:1703 d3d_create_display_internals     [   0.21106] Resumed after wait.
d3d      I         d3d_disp.cpp:1736 d3d_create_display_internals     [   0.21120] Format 0 succeeded.
d3d      D         d3d_disp.cpp:1767 d3d_create_display_internals     [   0.21132] Returning d3d_display: 00000292DD9D87B0
d3d      D         d3d_disp.cpp:1792 d3d_create_display_locked        [   0.21144] al_display=00000292DD9D87B0
d3d      D         d3d_disp.cpp:1793 d3d_create_display_locked        [   0.21158] al_display->vt=00000292DD9D52E0
system   D            wsystem.c:834  maybe_parent_dir                 [   0.21192] Also searching C:\Users\tyler\Desktop\CSE-3150\Project2\x64\
system   D            wsystem.c:889  _al_win_safe_load_library        [   0.21222] PathFindOnPath found: C:\WINDOWS\system32\d3dx9_43.dll
system   D            wsystem.c:795  load_library_at_path             [   0.21231] Calling LoadLibrary C:\WINDOWS\system32\d3dx9_43.dll
system   I            wsystem.c:798  load_library_at_path             [   0.21396] Loaded C:\WINDOWS\system32\d3dx9_43.dll
d3dx9    I        d3d_d3dx9.cpp:88   _imp_load_d3dx9_module_version   [   0.21411] Module "d3dx9_43.dll" loaded.
dtor     D               dtor.c:196  _al_register_destructor          [   0.21426] added dtor for queue 00000292DF44CDF0, func 00007FF91AAC1C30
d3d      I         d3d_disp.cpp:910  d3d_destroy_display              [  52.76507] destroying display 00000292DD9D87B0 (current 0000000000000000)
d3d      D         d3d_disp.cpp:894  d3d_destroy_display_internals    [  52.76846] waiting for display 00000292DD9D87B0's thread to end
d3d      W         d3d_disp.cpp:603  d3d_destroy_device               [  52.78202] d3d_destroy_device: ref count not 0
d3d      W         d3d_disp.cpp:603  d3d_destroy_device               [  52.78237] d3d_destroy_device: ref count not 0
d3d      I         d3d_disp.cpp:1557 d3d_display_thread_proc          [  52.79715] d3d display thread exits
dtor     D               dtor.c:227  _al_unregister_destructor        [  52.79817] removed dtor for timer 00000292DD953660
dtor     D               dtor.c:227  _al_unregister_destructor        [  52.79854] removed dtor for queue 00000292DF44CDF0
