stdio    D         file_stdio.c:110  file_stdio_fopen                 [   0.00000] opening C:\Users\tyler\Desktop\CSE-3150\Project2\x64\Debug\allegro5.cfg r
system   D            wsystem.c:834  maybe_parent_dir                 [   0.00000] Also searching C:\Users\tyler\Desktop\CSE-3150\Project2\x64\
system   D            wsystem.c:889  _al_win_safe_load_library        [   0.00000] PathFindOnPath found: C:\WINDOWS\system32\shcore.dll
system   D            wsystem.c:795  load_library_at_path             [   0.00000] Calling LoadLibrary C:\WINDOWS\system32\shcore.dll
system   I            wsystem.c:798  load_library_at_path             [   0.00000] Loaded C:\WINDOWS\system32\shcore.dll
system   I             system.c:271  al_install_system                [   0.00000] Allegro version: 5.2.8
dtor     D               dtor.c:196  _al_register_destructor          [   0.00065] added dtor for timer 000001A0565037B0, func 00007FF981B41050
system   D            wsystem.c:834  maybe_parent_dir                 [   0.00106] Also searching C:\Users\tyler\Desktop\CSE-3150\Project2\x64\
system   D            wsystem.c:889  _al_win_safe_load_library        [   0.00157] PathFindOnPath found: C:\WINDOWS\system32\d3d9.dll
system   D            wsystem.c:795  load_library_at_path             [   0.00169] Calling LoadLibrary C:\WINDOWS\system32\d3d9.dll
system   I            wsystem.c:798  load_library_at_path             [   0.01417] Loaded C:\WINDOWS\system32\d3d9.dll
d3d      I         d3d_disp.cpp:679  d3d_init_display                 [   0.06296] Render-to-texture: 1
d3d      I         d3d_disp.cpp:1780 d3d_create_display_locked        [   0.06710] faux_fullscreen=0
d3d      D         d3d_disp.cpp:1781 d3d_create_display_locked        [   0.06740] al_display=000001A0565A45D0
d3d      D         d3d_disp.cpp:1782 d3d_create_display_locked        [   0.06758] al_display->vt=000001A0565A32C0
d3d      I d3d_display_formats.cpp:144  _al_d3d_generate_display_format_list [   0.08889] found 288 format combinations
display  D   display_settings.c:214  debug_display_settings           [   0.08917] color: 32 (rgba 8880), depth: 0, stencil: 0, acc: 0000, samples: 0/0
display  D   display_settings.c:529  _al_score_display_settings       [   0.08929] Score is : 897
display  D   display_settings.c:214  debug_display_settings           [   0.08938] color: 32 (rgba 8880), depth: 0, stencil: 0, acc: 0000, samples: 0/0
display  D   display_settings.c:529  _al_score_display_settings       [   0.08971] Score is : 897
display  D   display_settings.c:214  debug_display_settings           [   0.08990] color: 32 (rgba 8880), depth: 0, stencil: 0, acc: 0000, samples: 2/1
display  D   display_settings.c:529  _al_score_display_settings       [   0.09001] Score is : 726
display  D   display_settings.c:214  debug_display_settings           [   0.09009] color: 32 (rgba 8880), depth: 0, stencil: 0, acc: 0000, samples: 3/1
display  D   display_settings.c:529  _al_score_display_settings       [   0.09031] Score is : 721
display  D   display_settings.c:214  debug_display_settings           [   0.09040] color: 32 (rgba 8880), depth: 0, stencil: 0, acc: 0000, samples: 4/1
display  D   display_settings.c:529  _al_score_display_settings       [   0.09049] Score is : 717
display  D   display_settings.c:214  debug_display_settings           [   0.09060] color: 32 (rgba 8880), depth: 0, stencil: 0, acc: 0000, samples: 5/1
display  D   display_settings.c:529  _al_score_display_settings       [   0.09068] Score is : 715
display  D   display_settings.c:214  debug_display_settings           [   0.09087] color: 32 (rgba 8880), depth: 0, stencil: 0, acc: 0000, samples: 6/1
display  D   display_settings.c:529  _al_score_display_settings       [   0.09110] Score is : 714
display  D   display_settings.c:214  debug_display_settings           [   0.09126] color: 32 (rgba 8880), depth: 0, stencil: 0, acc: 0000, samples: 7/1
display  D   display_settings.c:529  _al_score_display_settings       [   0.09140] Score is : 713
display  D   display_settings.c:214  debug_display_settings           [   0.09158] color: 32 (rgba 8880), depth: 0, stencil: 0, acc: 0000, samples: 8/1
display  D   display_settings.c:529  _al_score_display_settings       [   0.09180] Score is : 712
display  D   display_settings.c:214  debug_display_settings           [   0.09189] color: 32 (rgba 8880), depth: 24, stencil: 8, acc: 0000, samples: 0/0
display  D   display_settings.c:529  _al_score_display_settings       [   0.09201] Score is : 897
display  D   display_settings.c:214  debug_display_settings           [   0.09219] color: 32 (rgba 8880), depth: 24, stencil: 8, acc: 0000, samples: 0/0
display  D   display_settings.c:529  _al_score_display_settings       [   0.09234] Score is : 897
display  D   display_settings.c:214  debug_display_settings           [   0.09244] color: 32 (rgba 8880), depth: 24, stencil: 8, acc: 0000, samples: 2/1
display  D   display_settings.c:529  _al_score_display_settings       [   0.09268] Score is : 726
display  D   display_settings.c:214  debug_display_settings           [   0.09288] color: 32 (rgba 8880), depth: 24, stencil: 8, acc: 0000, samples: 3/1
display  D   display_settings.c:529  _al_score_display_settings       [   0.09319] Score is : 721
display  D   display_settings.c:214  debug_display_settings           [   0.09330] color: 32 (rgba 8880), depth: 24, stencil: 8, acc: 0000, samples: 4/1
display  D   display_settings.c:529  _al_score_display_settings       [   0.09345] Score is : 717
display  D   display_settings.c:214  debug_display_settings           [   0.09355] color: 32 (rgba 8880), depth: 24, stencil: 8, acc: 0000, samples: 5/1
display  D   display_settings.c:529  _al_score_display_settings       [   0.09365] Score is : 715
display  D   display_settings.c:214  debug_display_settings           [   0.09374] color: 32 (rgba 8880), depth: 24, stencil: 8, acc: 0000, samples: 6/1
display  D   display_settings.c:529  _al_score_display_settings       [   0.09384] Score is : 714
display  D   display_settings.c:214  debug_display_settings           [   0.09392] color: 32 (rgba 8880), depth: 24, stencil: 8, acc: 0000, samples: 7/1
display  D   display_settings.c:529  _al_score_display_settings       [   0.09402] Score is : 713
display  D   display_settings.c:214  debug_display_settings           [   0.09411] color: 32 (rgba 8880), depth: 24, stencil: 8, acc: 0000, samples: 8/1
display  D   display_settings.c:529  _al_score_display_settings       [   0.09432] Score is : 712
display  D   display_settings.c:214  debug_display_settings           [   0.09445] color: 32 (rgba 8880), depth: 24, stencil: 0, acc: 0000, samples: 0/0
display  D   display_settings.c:529  _al_score_display_settings       [   0.09456] Score is : 897
display  D   display_settings.c:214  debug_display_settings           [   0.09466] color: 32 (rgba 8880), depth: 24, stencil: 0, acc: 0000, samples: 0/0
display  D   display_settings.c:529  _al_score_display_settings       [   0.09477] Score is : 897
display  D   display_settings.c:214  debug_display_settings           [   0.09485] color: 32 (rgba 8880), depth: 24, stencil: 0, acc: 0000, samples: 2/1
display  D   display_settings.c:529  _al_score_display_settings       [   0.09495] Score is : 726
display  D   display_settings.c:214  debug_display_settings           [   0.09503] color: 32 (rgba 8880), depth: 24, stencil: 0, acc: 0000, samples: 3/1
display  D   display_settings.c:529  _al_score_display_settings       [   0.09513] Score is : 721
display  D   display_settings.c:214  debug_display_settings           [   0.09522] color: 32 (rgba 8880), depth: 24, stencil: 0, acc: 0000, samples: 4/1
display  D   display_settings.c:529  _al_score_display_settings       [   0.09533] Score is : 717
display  D   display_settings.c:214  debug_display_settings           [   0.09543] color: 32 (rgba 8880), depth: 24, stencil: 0, acc: 0000, samples: 5/1
display  D   display_settings.c:529  _al_score_display_settings       [   0.09553] Score is : 715
display  D   display_settings.c:214  debug_display_settings           [   0.09561] color: 32 (rgba 8880), depth: 24, stencil: 0, acc: 0000, samples: 6/1
display  D   display_settings.c:529  _al_score_display_settings       [   0.09571] Score is : 714
display  D   display_settings.c:214  debug_display_settings           [   0.09581] color: 32 (rgba 8880), depth: 24, stencil: 0, acc: 0000, samples: 7/1
display  D   display_settings.c:529  _al_score_display_settings       [   0.09590] Score is : 713
display  D   display_settings.c:214  debug_display_settings           [   0.09599] color: 32 (rgba 8880), depth: 24, stencil: 0, acc: 0000, samples: 8/1
display  D   display_settings.c:529  _al_score_display_settings       [   0.09607] Score is : 712
display  D   display_settings.c:214  debug_display_settings           [   0.09616] color: 32 (rgba 8880), depth: 16, stencil: 0, acc: 0000, samples: 0/0
display  D   display_settings.c:529  _al_score_display_settings       [   0.09624] Score is : 897
display  D   display_settings.c:214  debug_display_settings           [   0.09633] color: 32 (rgba 8880), depth: 16, stencil: 0, acc: 0000, samples: 0/0
display  D   display_settings.c:529  _al_score_display_settings       [   0.09642] Score is : 897
display  D   display_settings.c:214  debug_display_settings           [   0.09650] color: 32 (rgba 8880), depth: 16, stencil: 0, acc: 0000, samples: 2/1
display  D   display_settings.c:529  _al_score_display_settings       [   0.09658] Score is : 726
display  D   display_settings.c:214  debug_display_settings           [   0.09667] color: 32 (rgba 8880), depth: 16, stencil: 0, acc: 0000, samples: 3/1
display  D   display_settings.c:529  _al_score_display_settings       [   0.09675] Score is : 721
display  D   display_settings.c:214  debug_display_settings           [   0.09683] color: 32 (rgba 8880), depth: 16, stencil: 0, acc: 0000, samples: 4/1
display  D   display_settings.c:529  _al_score_display_settings       [   0.09692] Score is : 717
display  D   display_settings.c:214  debug_display_settings           [   0.09701] color: 32 (rgba 8880), depth: 16, stencil: 0, acc: 0000, samples: 5/1
display  D   display_settings.c:529  _al_score_display_settings       [   0.09710] Score is : 715
display  D   display_settings.c:214  debug_display_settings           [   0.09719] color: 32 (rgba 8880), depth: 16, stencil: 0, acc: 0000, samples: 6/1
display  D   display_settings.c:529  _al_score_display_settings       [   0.09752] Score is : 714
display  D   display_settings.c:214  debug_display_settings           [   0.09763] color: 32 (rgba 8880), depth: 16, stencil: 0, acc: 0000, samples: 7/1
display  D   display_settings.c:529  _al_score_display_settings       [   0.09772] Score is : 713
display  D   display_settings.c:214  debug_display_settings           [   0.09782] color: 32 (rgba 8880), depth: 16, stencil: 0, acc: 0000, samples: 8/1
display  D   display_settings.c:529  _al_score_display_settings       [   0.09791] Score is : 712
display  D   display_settings.c:214  debug_display_settings           [   0.09799] color: 16 (rgba 5650), depth: 0, stencil: 0, acc: 0000, samples: 0/0
display  D   display_settings.c:529  _al_score_display_settings       [   0.09807] Score is : 897
display  D   display_settings.c:214  debug_display_settings           [   0.09821] color: 16 (rgba 5650), depth: 0, stencil: 0, acc: 0000, samples: 0/0
display  D   display_settings.c:529  _al_score_display_settings       [   0.09832] Score is : 897
display  D   display_settings.c:214  debug_display_settings           [   0.09841] color: 16 (rgba 5650), depth: 0, stencil: 0, acc: 0000, samples: 2/1
display  D   display_settings.c:529  _al_score_display_settings       [   0.09850] Score is : 726
display  D   display_settings.c:214  debug_display_settings           [   0.09859] color: 16 (rgba 5650), depth: 0, stencil: 0, acc: 0000, samples: 3/1
display  D   display_settings.c:529  _al_score_display_settings       [   0.09869] Score is : 721
display  D   display_settings.c:214  debug_display_settings           [   0.09877] color: 16 (rgba 5650), depth: 0, stencil: 0, acc: 0000, samples: 4/1
display  D   display_settings.c:529  _al_score_display_settings       [   0.09887] Score is : 717
display  D   display_settings.c:214  debug_display_settings           [   0.09896] color: 16 (rgba 5650), depth: 0, stencil: 0, acc: 0000, samples: 5/1
display  D   display_settings.c:529  _al_score_display_settings       [   0.09905] Score is : 715
display  D   display_settings.c:214  debug_display_settings           [   0.09914] color: 16 (rgba 5650), depth: 0, stencil: 0, acc: 0000, samples: 6/1
display  D   display_settings.c:529  _al_score_display_settings       [   0.09924] Score is : 714
display  D   display_settings.c:214  debug_display_settings           [   0.09934] color: 16 (rgba 5650), depth: 0, stencil: 0, acc: 0000, samples: 7/1
display  D   display_settings.c:529  _al_score_display_settings       [   0.09943] Score is : 713
display  D   display_settings.c:214  debug_display_settings           [   0.09951] color: 16 (rgba 5650), depth: 0, stencil: 0, acc: 0000, samples: 8/1
display  D   display_settings.c:529  _al_score_display_settings       [   0.09961] Score is : 712
display  D   display_settings.c:214  debug_display_settings           [   0.09970] color: 16 (rgba 5650), depth: 24, stencil: 8, acc: 0000, samples: 0/0
display  D   display_settings.c:529  _al_score_display_settings       [   0.09980] Score is : 897
display  D   display_settings.c:214  debug_display_settings           [   0.09988] color: 16 (rgba 5650), depth: 24, stencil: 8, acc: 0000, samples: 0/0
display  D   display_settings.c:529  _al_score_display_settings       [   0.09998] Score is : 897
display  D   display_settings.c:214  debug_display_settings           [   0.10007] color: 16 (rgba 5650), depth: 24, stencil: 8, acc: 0000, samples: 2/1
display  D   display_settings.c:529  _al_score_display_settings       [   0.10016] Score is : 726
display  D   display_settings.c:214  debug_display_settings           [   0.10025] color: 16 (rgba 5650), depth: 24, stencil: 8, acc: 0000, samples: 3/1
display  D   display_settings.c:529  _al_score_display_settings       [   0.10050] Score is : 721
display  D   display_settings.c:214  debug_display_settings           [   0.10060] color: 16 (rgba 5650), depth: 24, stencil: 8, acc: 0000, samples: 4/1
display  D   display_settings.c:529  _al_score_display_settings       [   0.10071] Score is : 717
display  D   display_settings.c:214  debug_display_settings           [   0.10079] color: 16 (rgba 5650), depth: 24, stencil: 8, acc: 0000, samples: 5/1
display  D   display_settings.c:529  _al_score_display_settings       [   0.10087] Score is : 715
display  D   display_settings.c:214  debug_display_settings           [   0.10095] color: 16 (rgba 5650), depth: 24, stencil: 8, acc: 0000, samples: 6/1
display  D   display_settings.c:529  _al_score_display_settings       [   0.10104] Score is : 714
display  D   display_settings.c:214  debug_display_settings           [   0.10112] color: 16 (rgba 5650), depth: 24, stencil: 8, acc: 0000, samples: 7/1
display  D   display_settings.c:529  _al_score_display_settings       [   0.10121] Score is : 713
display  D   display_settings.c:214  debug_display_settings           [   0.10129] color: 16 (rgba 5650), depth: 24, stencil: 8, acc: 0000, samples: 8/1
display  D   display_settings.c:529  _al_score_display_settings       [   0.10138] Score is : 712
display  D   display_settings.c:214  debug_display_settings           [   0.10145] color: 16 (rgba 5650), depth: 24, stencil: 0, acc: 0000, samples: 0/0
display  D   display_settings.c:529  _al_score_display_settings       [   0.10154] Score is : 897
display  D   display_settings.c:214  debug_display_settings           [   0.10162] color: 16 (rgba 5650), depth: 24, stencil: 0, acc: 0000, samples: 0/0
display  D   display_settings.c:529  _al_score_display_settings       [   0.10170] Score is : 897
display  D   display_settings.c:214  debug_display_settings           [   0.10178] color: 16 (rgba 5650), depth: 24, stencil: 0, acc: 0000, samples: 2/1
display  D   display_settings.c:529  _al_score_display_settings       [   0.10187] Score is : 726
display  D   display_settings.c:214  debug_display_settings           [   0.10205] color: 16 (rgba 5650), depth: 24, stencil: 0, acc: 0000, samples: 3/1
display  D   display_settings.c:529  _al_score_display_settings       [   0.10215] Score is : 721
display  D   display_settings.c:214  debug_display_settings           [   0.10223] color: 16 (rgba 5650), depth: 24, stencil: 0, acc: 0000, samples: 4/1
display  D   display_settings.c:529  _al_score_display_settings       [   0.10231] Score is : 717
display  D   display_settings.c:214  debug_display_settings           [   0.10239] color: 16 (rgba 5650), depth: 24, stencil: 0, acc: 0000, samples: 5/1
display  D   display_settings.c:529  _al_score_display_settings       [   0.10248] Score is : 715
display  D   display_settings.c:214  debug_display_settings           [   0.10256] color: 16 (rgba 5650), depth: 24, stencil: 0, acc: 0000, samples: 6/1
display  D   display_settings.c:529  _al_score_display_settings       [   0.10264] Score is : 714
display  D   display_settings.c:214  debug_display_settings           [   0.10286] color: 16 (rgba 5650), depth: 24, stencil: 0, acc: 0000, samples: 7/1
display  D   display_settings.c:529  _al_score_display_settings       [   0.10295] Score is : 713
display  D   display_settings.c:214  debug_display_settings           [   0.10304] color: 16 (rgba 5650), depth: 24, stencil: 0, acc: 0000, samples: 8/1
display  D   display_settings.c:529  _al_score_display_settings       [   0.10315] Score is : 712
display  D   display_settings.c:214  debug_display_settings           [   0.10324] color: 16 (rgba 5650), depth: 16, stencil: 0, acc: 0000, samples: 0/0
display  D   display_settings.c:529  _al_score_display_settings       [   0.10333] Score is : 897
display  D   display_settings.c:214  debug_display_settings           [   0.10341] color: 16 (rgba 5650), depth: 16, stencil: 0, acc: 0000, samples: 0/0
display  D   display_settings.c:529  _al_score_display_settings       [   0.10350] Score is : 897
display  D   display_settings.c:214  debug_display_settings           [   0.10358] color: 16 (rgba 5650), depth: 16, stencil: 0, acc: 0000, samples: 2/1
display  D   display_settings.c:529  _al_score_display_settings       [   0.10367] Score is : 726
display  D   display_settings.c:214  debug_display_settings           [   0.10375] color: 16 (rgba 5650), depth: 16, stencil: 0, acc: 0000, samples: 3/1
display  D   display_settings.c:529  _al_score_display_settings       [   0.10384] Score is : 721
display  D   display_settings.c:214  debug_display_settings           [   0.10392] color: 16 (rgba 5650), depth: 16, stencil: 0, acc: 0000, samples: 4/1
display  D   display_settings.c:529  _al_score_display_settings       [   0.10401] Score is : 717
display  D   display_settings.c:214  debug_display_settings           [   0.10409] color: 16 (rgba 5650), depth: 16, stencil: 0, acc: 0000, samples: 5/1
display  D   display_settings.c:529  _al_score_display_settings       [   0.10420] Score is : 715
display  D   display_settings.c:214  debug_display_settings           [   0.10429] color: 16 (rgba 5650), depth: 16, stencil: 0, acc: 0000, samples: 6/1
display  D   display_settings.c:529  _al_score_display_settings       [   0.10439] Score is : 714
display  D   display_settings.c:214  debug_display_settings           [   0.10458] color: 16 (rgba 5650), depth: 16, stencil: 0, acc: 0000, samples: 7/1
display  D   display_settings.c:529  _al_score_display_settings       [   0.10471] Score is : 713
display  D   display_settings.c:214  debug_display_settings           [   0.10480] color: 16 (rgba 5650), depth: 16, stencil: 0, acc: 0000, samples: 8/1
display  D   display_settings.c:529  _al_score_display_settings       [   0.10490] Score is : 712
display  D   display_settings.c:214  debug_display_settings           [   0.10499] color: 32 (rgba 8880), depth: 0, stencil: 0, acc: 0000, samples: 0/0
display  D   display_settings.c:400  _al_score_display_settings       [   0.10509] Single Buffer requirement not met.
display  D   display_settings.c:214  debug_display_settings           [   0.10519] color: 32 (rgba 8880), depth: 0, stencil: 0, acc: 0000, samples: 0/0
display  D   display_settings.c:400  _al_score_display_settings       [   0.10529] Single Buffer requirement not met.
display  D   display_settings.c:214  debug_display_settings           [   0.10538] color: 32 (rgba 8880), depth: 0, stencil: 0, acc: 0000, samples: 2/1
display  D   display_settings.c:400  _al_score_display_settings       [   0.10547] Single Buffer requirement not met.
display  D   display_settings.c:214  debug_display_settings           [   0.10556] color: 32 (rgba 8880), depth: 0, stencil: 0, acc: 0000, samples: 3/1
display  D   display_settings.c:400  _al_score_display_settings       [   0.10566] Single Buffer requirement not met.
display  D   display_settings.c:214  debug_display_settings           [   0.10577] color: 32 (rgba 8880), depth: 0, stencil: 0, acc: 0000, samples: 4/1
display  D   display_settings.c:400  _al_score_display_settings       [   0.10597] Single Buffer requirement not met.
display  D   display_settings.c:214  debug_display_settings           [   0.10611] color: 32 (rgba 8880), depth: 0, stencil: 0, acc: 0000, samples: 5/1
display  D   display_settings.c:400  _al_score_display_settings       [   0.10622] Single Buffer requirement not met.
display  D   display_settings.c:214  debug_display_settings           [   0.10632] color: 32 (rgba 8880), depth: 0, stencil: 0, acc: 0000, samples: 6/1
display  D   display_settings.c:400  _al_score_display_settings       [   0.10642] Single Buffer requirement not met.
display  D   display_settings.c:214  debug_display_settings           [   0.10651] color: 32 (rgba 8880), depth: 0, stencil: 0, acc: 0000, samples: 7/1
display  D   display_settings.c:400  _al_score_display_settings       [   0.10662] Single Buffer requirement not met.
display  D   display_settings.c:214  debug_display_settings           [   0.10671] color: 32 (rgba 8880), depth: 0, stencil: 0, acc: 0000, samples: 8/1
display  D   display_settings.c:400  _al_score_display_settings       [   0.10681] Single Buffer requirement not met.
display  D   display_settings.c:214  debug_display_settings           [   0.10690] color: 32 (rgba 8880), depth: 24, stencil: 8, acc: 0000, samples: 0/0
display  D   display_settings.c:400  _al_score_display_settings       [   0.10699] Single Buffer requirement not met.
display  D   display_settings.c:214  debug_display_settings           [   0.10708] color: 32 (rgba 8880), depth: 24, stencil: 8, acc: 0000, samples: 0/0
display  D   display_settings.c:400  _al_score_display_settings       [   0.10716] Single Buffer requirement not met.
display  D   display_settings.c:214  debug_display_settings           [   0.10725] color: 32 (rgba 8880), depth: 24, stencil: 8, acc: 0000, samples: 2/1
display  D   display_settings.c:400  _al_score_display_settings       [   0.10735] Single Buffer requirement not met.
display  D   display_settings.c:214  debug_display_settings           [   0.10744] color: 32 (rgba 8880), depth: 24, stencil: 8, acc: 0000, samples: 3/1
display  D   display_settings.c:400  _al_score_display_settings       [   0.10761] Single Buffer requirement not met.
display  D   display_settings.c:214  debug_display_settings           [   0.10773] color: 32 (rgba 8880), depth: 24, stencil: 8, acc: 0000, samples: 4/1
display  D   display_settings.c:400  _al_score_display_settings       [   0.10782] Single Buffer requirement not met.
display  D   display_settings.c:214  debug_display_settings           [   0.10791] color: 32 (rgba 8880), depth: 24, stencil: 8, acc: 0000, samples: 5/1
display  D   display_settings.c:400  _al_score_display_settings       [   0.10800] Single Buffer requirement not met.
display  D   display_settings.c:214  debug_display_settings           [   0.10809] color: 32 (rgba 8880), depth: 24, stencil: 8, acc: 0000, samples: 6/1
display  D   display_settings.c:400  _al_score_display_settings       [   0.10817] Single Buffer requirement not met.
display  D   display_settings.c:214  debug_display_settings           [   0.10826] color: 32 (rgba 8880), depth: 24, stencil: 8, acc: 0000, samples: 7/1
display  D   display_settings.c:400  _al_score_display_settings       [   0.10835] Single Buffer requirement not met.
display  D   display_settings.c:214  debug_display_settings           [   0.10842] color: 32 (rgba 8880), depth: 24, stencil: 8, acc: 0000, samples: 8/1
display  D   display_settings.c:400  _al_score_display_settings       [   0.10851] Single Buffer requirement not met.
display  D   display_settings.c:214  debug_display_settings           [   0.10858] color: 32 (rgba 8880), depth: 24, stencil: 0, acc: 0000, samples: 0/0
display  D   display_settings.c:400  _al_score_display_settings       [   0.10867] Single Buffer requirement not met.
display  D   display_settings.c:214  debug_display_settings           [   0.10878] color: 32 (rgba 8880), depth: 24, stencil: 0, acc: 0000, samples: 0/0
display  D   display_settings.c:400  _al_score_display_settings       [   0.10887] Single Buffer requirement not met.
display  D   display_settings.c:214  debug_display_settings           [   0.10895] color: 32 (rgba 8880), depth: 24, stencil: 0, acc: 0000, samples: 2/1
display  D   display_settings.c:400  _al_score_display_settings       [   0.10907] Single Buffer requirement not met.
display  D   display_settings.c:214  debug_display_settings           [   0.10916] color: 32 (rgba 8880), depth: 24, stencil: 0, acc: 0000, samples: 3/1
display  D   display_settings.c:400  _al_score_display_settings       [   0.10925] Single Buffer requirement not met.
display  D   display_settings.c:214  debug_display_settings           [   0.10933] color: 32 (rgba 8880), depth: 24, stencil: 0, acc: 0000, samples: 4/1
display  D   display_settings.c:400  _al_score_display_settings       [   0.10941] Single Buffer requirement not met.
display  D   display_settings.c:214  debug_display_settings           [   0.10949] color: 32 (rgba 8880), depth: 24, stencil: 0, acc: 0000, samples: 5/1
display  D   display_settings.c:400  _al_score_display_settings       [   0.10957] Single Buffer requirement not met.
display  D   display_settings.c:214  debug_display_settings           [   0.10965] color: 32 (rgba 8880), depth: 24, stencil: 0, acc: 0000, samples: 6/1
display  D   display_settings.c:400  _al_score_display_settings       [   0.10973] Single Buffer requirement not met.
display  D   display_settings.c:214  debug_display_settings           [   0.10981] color: 32 (rgba 8880), depth: 24, stencil: 0, acc: 0000, samples: 7/1
display  D   display_settings.c:400  _al_score_display_settings       [   0.11003] Single Buffer requirement not met.
display  D   display_settings.c:214  debug_display_settings           [   0.11017] color: 32 (rgba 8880), depth: 24, stencil: 0, acc: 0000, samples: 8/1
display  D   display_settings.c:400  _al_score_display_settings       [   0.11028] Single Buffer requirement not met.
display  D   display_settings.c:214  debug_display_settings           [   0.11038] color: 32 (rgba 8880), depth: 16, stencil: 0, acc: 0000, samples: 0/0
display  D   display_settings.c:400  _al_score_display_settings       [   0.11047] Single Buffer requirement not met.
display  D   display_settings.c:214  debug_display_settings           [   0.11055] color: 32 (rgba 8880), depth: 16, stencil: 0, acc: 0000, samples: 0/0
display  D   display_settings.c:400  _al_score_display_settings       [   0.11065] Single Buffer requirement not met.
display  D   display_settings.c:214  debug_display_settings           [   0.11074] color: 32 (rgba 8880), depth: 16, stencil: 0, acc: 0000, samples: 2/1
display  D   display_settings.c:400  _al_score_display_settings       [   0.11083] Single Buffer requirement not met.
display  D   display_settings.c:214  debug_display_settings           [   0.11091] color: 32 (rgba 8880), depth: 16, stencil: 0, acc: 0000, samples: 3/1
display  D   display_settings.c:400  _al_score_display_settings       [   0.11102] Single Buffer requirement not met.
display  D   display_settings.c:214  debug_display_settings           [   0.11112] color: 32 (rgba 8880), depth: 16, stencil: 0, acc: 0000, samples: 4/1
display  D   display_settings.c:400  _al_score_display_settings       [   0.11122] Single Buffer requirement not met.
display  D   display_settings.c:214  debug_display_settings           [   0.11130] color: 32 (rgba 8880), depth: 16, stencil: 0, acc: 0000, samples: 5/1
display  D   display_settings.c:400  _al_score_display_settings       [   0.11139] Single Buffer requirement not met.
display  D   display_settings.c:214  debug_display_settings           [   0.11149] color: 32 (rgba 8880), depth: 16, stencil: 0, acc: 0000, samples: 6/1
display  D   display_settings.c:400  _al_score_display_settings       [   0.11158] Single Buffer requirement not met.
display  D   display_settings.c:214  debug_display_settings           [   0.11167] color: 32 (rgba 8880), depth: 16, stencil: 0, acc: 0000, samples: 7/1
display  D   display_settings.c:400  _al_score_display_settings       [   0.11176] Single Buffer requirement not met.
display  D   display_settings.c:214  debug_display_settings           [   0.11185] color: 32 (rgba 8880), depth: 16, stencil: 0, acc: 0000, samples: 8/1
display  D   display_settings.c:400  _al_score_display_settings       [   0.11194] Single Buffer requirement not met.
display  D   display_settings.c:214  debug_display_settings           [   0.11202] color: 16 (rgba 5650), depth: 0, stencil: 0, acc: 0000, samples: 0/0
display  D   display_settings.c:400  _al_score_display_settings       [   0.11211] Single Buffer requirement not met.
display  D   display_settings.c:214  debug_display_settings           [   0.11220] color: 16 (rgba 5650), depth: 0, stencil: 0, acc: 0000, samples: 0/0
display  D   display_settings.c:400  _al_score_display_settings       [   0.11229] Single Buffer requirement not met.
display  D   display_settings.c:214  debug_display_settings           [   0.11239] color: 16 (rgba 5650), depth: 0, stencil: 0, acc: 0000, samples: 2/1
display  D   display_settings.c:400  _al_score_display_settings       [   0.11248] Single Buffer requirement not met.
display  D   display_settings.c:214  debug_display_settings           [   0.11256] color: 16 (rgba 5650), depth: 0, stencil: 0, acc: 0000, samples: 3/1
display  D   display_settings.c:400  _al_score_display_settings       [   0.11265] Single Buffer requirement not met.
display  D   display_settings.c:214  debug_display_settings           [   0.11273] color: 16 (rgba 5650), depth: 0, stencil: 0, acc: 0000, samples: 4/1
display  D   display_settings.c:400  _al_score_display_settings       [   0.11291] Single Buffer requirement not met.
display  D   display_settings.c:214  debug_display_settings           [   0.11304] color: 16 (rgba 5650), depth: 0, stencil: 0, acc: 0000, samples: 5/1
display  D   display_settings.c:400  _al_score_display_settings       [   0.11314] Single Buffer requirement not met.
display  D   display_settings.c:214  debug_display_settings           [   0.11325] color: 16 (rgba 5650), depth: 0, stencil: 0, acc: 0000, samples: 6/1
display  D   display_settings.c:400  _al_score_display_settings       [   0.11336] Single Buffer requirement not met.
display  D   display_settings.c:214  debug_display_settings           [   0.11346] color: 16 (rgba 5650), depth: 0, stencil: 0, acc: 0000, samples: 7/1
display  D   display_settings.c:400  _al_score_display_settings       [   0.11356] Single Buffer requirement not met.
display  D   display_settings.c:214  debug_display_settings           [   0.11365] color: 16 (rgba 5650), depth: 0, stencil: 0, acc: 0000, samples: 8/1
display  D   display_settings.c:400  _al_score_display_settings       [   0.11374] Single Buffer requirement not met.
display  D   display_settings.c:214  debug_display_settings           [   0.11383] color: 16 (rgba 5650), depth: 24, stencil: 8, acc: 0000, samples: 0/0
display  D   display_settings.c:400  _al_score_display_settings       [   0.11392] Single Buffer requirement not met.
display  D   display_settings.c:214  debug_display_settings           [   0.11419] color: 16 (rgba 5650), depth: 24, stencil: 8, acc: 0000, samples: 0/0
display  D   display_settings.c:400  _al_score_display_settings       [   0.11433] Single Buffer requirement not met.
display  D   display_settings.c:214  debug_display_settings           [   0.11444] color: 16 (rgba 5650), depth: 24, stencil: 8, acc: 0000, samples: 2/1
display  D   display_settings.c:400  _al_score_display_settings       [   0.11454] Single Buffer requirement not met.
display  D   display_settings.c:214  debug_display_settings           [   0.11466] color: 16 (rgba 5650), depth: 24, stencil: 8, acc: 0000, samples: 3/1
display  D   display_settings.c:400  _al_score_display_settings       [   0.11475] Single Buffer requirement not met.
display  D   display_settings.c:214  debug_display_settings           [   0.11488] color: 16 (rgba 5650), depth: 24, stencil: 8, acc: 0000, samples: 4/1
display  D   display_settings.c:400  _al_score_display_settings       [   0.11499] Single Buffer requirement not met.
display  D   display_settings.c:214  debug_display_settings           [   0.11511] color: 16 (rgba 5650), depth: 24, stencil: 8, acc: 0000, samples: 5/1
display  D   display_settings.c:400  _al_score_display_settings       [   0.11523] Single Buffer requirement not met.
display  D   display_settings.c:214  debug_display_settings           [   0.11541] color: 16 (rgba 5650), depth: 24, stencil: 8, acc: 0000, samples: 6/1
display  D   display_settings.c:400  _al_score_display_settings       [   0.11583] Single Buffer requirement not met.
display  D   display_settings.c:214  debug_display_settings           [   0.11594] color: 16 (rgba 5650), depth: 24, stencil: 8, acc: 0000, samples: 7/1
display  D   display_settings.c:400  _al_score_display_settings       [   0.11628] Single Buffer requirement not met.
display  D   display_settings.c:214  debug_display_settings           [   0.11657] color: 16 (rgba 5650), depth: 24, stencil: 8, acc: 0000, samples: 8/1
display  D   display_settings.c:400  _al_score_display_settings       [   0.11672] Single Buffer requirement not met.
display  D   display_settings.c:214  debug_display_settings           [   0.11684] color: 16 (rgba 5650), depth: 24, stencil: 0, acc: 0000, samples: 0/0
display  D   display_settings.c:400  _al_score_display_settings       [   0.11695] Single Buffer requirement not met.
display  D   display_settings.c:214  debug_display_settings           [   0.11726] color: 16 (rgba 5650), depth: 24, stencil: 0, acc: 0000, samples: 0/0
display  D   display_settings.c:400  _al_score_display_settings       [   0.11737] Single Buffer requirement not met.
display  D   display_settings.c:214  debug_display_settings           [   0.11747] color: 16 (rgba 5650), depth: 24, stencil: 0, acc: 0000, samples: 2/1
display  D   display_settings.c:400  _al_score_display_settings       [   0.11763] Single Buffer requirement not met.
display  D   display_settings.c:214  debug_display_settings           [   0.11775] color: 16 (rgba 5650), depth: 24, stencil: 0, acc: 0000, samples: 3/1
display  D   display_settings.c:400  _al_score_display_settings       [   0.11785] Single Buffer requirement not met.
display  D   display_settings.c:214  debug_display_settings           [   0.11792] color: 16 (rgba 5650), depth: 24, stencil: 0, acc: 0000, samples: 4/1
display  D   display_settings.c:400  _al_score_display_settings       [   0.11805] Single Buffer requirement not met.
display  D   display_settings.c:214  debug_display_settings           [   0.11820] color: 16 (rgba 5650), depth: 24, stencil: 0, acc: 0000, samples: 5/1
display  D   display_settings.c:400  _al_score_display_settings       [   0.11829] Single Buffer requirement not met.
display  D   display_settings.c:214  debug_display_settings           [   0.11838] color: 16 (rgba 5650), depth: 24, stencil: 0, acc: 0000, samples: 6/1
display  D   display_settings.c:400  _al_score_display_settings       [   0.11847] Single Buffer requirement not met.
display  D   display_settings.c:214  debug_display_settings           [   0.11891] color: 16 (rgba 5650), depth: 24, stencil: 0, acc: 0000, samples: 7/1
display  D   display_settings.c:400  _al_score_display_settings       [   0.11913] Single Buffer requirement not met.
display  D   display_settings.c:214  debug_display_settings           [   0.11925] color: 16 (rgba 5650), depth: 24, stencil: 0, acc: 0000, samples: 8/1
display  D   display_settings.c:400  _al_score_display_settings       [   0.11941] Single Buffer requirement not met.
display  D   display_settings.c:214  debug_display_settings           [   0.11954] color: 16 (rgba 5650), depth: 16, stencil: 0, acc: 0000, samples: 0/0
display  D   display_settings.c:400  _al_score_display_settings       [   0.11965] Single Buffer requirement not met.
display  D   display_settings.c:214  debug_display_settings           [   0.11975] color: 16 (rgba 5650), depth: 16, stencil: 0, acc: 0000, samples: 0/0
display  D   display_settings.c:400  _al_score_display_settings       [   0.11985] Single Buffer requirement not met.
display  D   display_settings.c:214  debug_display_settings           [   0.11992] color: 16 (rgba 5650), depth: 16, stencil: 0, acc: 0000, samples: 2/1
display  D   display_settings.c:400  _al_score_display_settings       [   0.12000] Single Buffer requirement not met.
display  D   display_settings.c:214  debug_display_settings           [   0.12008] color: 16 (rgba 5650), depth: 16, stencil: 0, acc: 0000, samples: 3/1
display  D   display_settings.c:400  _al_score_display_settings       [   0.12019] Single Buffer requirement not met.
display  D   display_settings.c:214  debug_display_settings           [   0.12028] color: 16 (rgba 5650), depth: 16, stencil: 0, acc: 0000, samples: 4/1
display  D   display_settings.c:400  _al_score_display_settings       [   0.12037] Single Buffer requirement not met.
display  D   display_settings.c:214  debug_display_settings           [   0.12046] color: 16 (rgba 5650), depth: 16, stencil: 0, acc: 0000, samples: 5/1
display  D   display_settings.c:400  _al_score_display_settings       [   0.12064] Single Buffer requirement not met.
display  D   display_settings.c:214  debug_display_settings           [   0.12075] color: 16 (rgba 5650), depth: 16, stencil: 0, acc: 0000, samples: 6/1
display  D   display_settings.c:400  _al_score_display_settings       [   0.12088] Single Buffer requirement not met.
display  D   display_settings.c:214  debug_display_settings           [   0.12099] color: 16 (rgba 5650), depth: 16, stencil: 0, acc: 0000, samples: 7/1
display  D   display_settings.c:400  _al_score_display_settings       [   0.12110] Single Buffer requirement not met.
display  D   display_settings.c:214  debug_display_settings           [   0.12118] color: 16 (rgba 5650), depth: 16, stencil: 0, acc: 0000, samples: 8/1
display  D   display_settings.c:400  _al_score_display_settings       [   0.12127] Single Buffer requirement not met.
display  D   display_settings.c:214  debug_display_settings           [   0.12135] color: 32 (rgba 8880), depth: 0, stencil: 0, acc: 0000, samples: 0/0
display  D   display_settings.c:529  _al_score_display_settings       [   0.12146] Score is : 769
display  D   display_settings.c:214  debug_display_settings           [   0.12155] color: 32 (rgba 8880), depth: 0, stencil: 0, acc: 0000, samples: 0/0
display  D   display_settings.c:529  _al_score_display_settings       [   0.12164] Score is : 769
display  D   display_settings.c:214  debug_display_settings           [   0.12173] color: 32 (rgba 8880), depth: 0, stencil: 0, acc: 0000, samples: 2/1
display  D   display_settings.c:529  _al_score_display_settings       [   0.12182] Score is : 598
display  D   display_settings.c:214  debug_display_settings           [   0.12191] color: 32 (rgba 8880), depth: 0, stencil: 0, acc: 0000, samples: 3/1
display  D   display_settings.c:529  _al_score_display_settings       [   0.12200] Score is : 593
display  D   display_settings.c:214  debug_display_settings           [   0.12208] color: 32 (rgba 8880), depth: 0, stencil: 0, acc: 0000, samples: 4/1
display  D   display_settings.c:529  _al_score_display_settings       [   0.12227] Score is : 589
display  D   display_settings.c:214  debug_display_settings           [   0.12236] color: 32 (rgba 8880), depth: 0, stencil: 0, acc: 0000, samples: 5/1
display  D   display_settings.c:529  _al_score_display_settings       [   0.12246] Score is : 587
display  D   display_settings.c:214  debug_display_settings           [   0.12254] color: 32 (rgba 8880), depth: 0, stencil: 0, acc: 0000, samples: 6/1
display  D   display_settings.c:529  _al_score_display_settings       [   0.12264] Score is : 586
display  D   display_settings.c:214  debug_display_settings           [   0.12273] color: 32 (rgba 8880), depth: 0, stencil: 0, acc: 0000, samples: 7/1
display  D   display_settings.c:529  _al_score_display_settings       [   0.12282] Score is : 585
display  D   display_settings.c:214  debug_display_settings           [   0.12291] color: 32 (rgba 8880), depth: 0, stencil: 0, acc: 0000, samples: 8/1
display  D   display_settings.c:529  _al_score_display_settings       [   0.12301] Score is : 584
display  D   display_settings.c:214  debug_display_settings           [   0.12310] color: 32 (rgba 8880), depth: 24, stencil: 8, acc: 0000, samples: 0/0
display  D   display_settings.c:529  _al_score_display_settings       [   0.12320] Score is : 769
display  D   display_settings.c:214  debug_display_settings           [   0.12328] color: 32 (rgba 8880), depth: 24, stencil: 8, acc: 0000, samples: 0/0
display  D   display_settings.c:529  _al_score_display_settings       [   0.12337] Score is : 769
display  D   display_settings.c:214  debug_display_settings           [   0.12345] color: 32 (rgba 8880), depth: 24, stencil: 8, acc: 0000, samples: 2/1
display  D   display_settings.c:529  _al_score_display_settings       [   0.12355] Score is : 598
display  D   display_settings.c:214  debug_display_settings           [   0.12364] color: 32 (rgba 8880), depth: 24, stencil: 8, acc: 0000, samples: 3/1
display  D   display_settings.c:529  _al_score_display_settings       [   0.12373] Score is : 593
display  D   display_settings.c:214  debug_display_settings           [   0.12382] color: 32 (rgba 8880), depth: 24, stencil: 8, acc: 0000, samples: 4/1
display  D   display_settings.c:529  _al_score_display_settings       [   0.12391] Score is : 589
display  D   display_settings.c:214  debug_display_settings           [   0.12399] color: 32 (rgba 8880), depth: 24, stencil: 8, acc: 0000, samples: 5/1
display  D   display_settings.c:529  _al_score_display_settings       [   0.12408] Score is : 587
display  D   display_settings.c:214  debug_display_settings           [   0.12418] color: 32 (rgba 8880), depth: 24, stencil: 8, acc: 0000, samples: 6/1
display  D   display_settings.c:529  _al_score_display_settings       [   0.12428] Score is : 586
display  D   display_settings.c:214  debug_display_settings           [   0.12437] color: 32 (rgba 8880), depth: 24, stencil: 8, acc: 0000, samples: 7/1
display  D   display_settings.c:529  _al_score_display_settings       [   0.12448] Score is : 585
display  D   display_settings.c:214  debug_display_settings           [   0.12457] color: 32 (rgba 8880), depth: 24, stencil: 8, acc: 0000, samples: 8/1
display  D   display_settings.c:529  _al_score_display_settings       [   0.12466] Score is : 584
display  D   display_settings.c:214  debug_display_settings           [   0.12475] color: 32 (rgba 8880), depth: 24, stencil: 0, acc: 0000, samples: 0/0
display  D   display_settings.c:529  _al_score_display_settings       [   0.12484] Score is : 769
display  D   display_settings.c:214  debug_display_settings           [   0.12492] color: 32 (rgba 8880), depth: 24, stencil: 0, acc: 0000, samples: 0/0
display  D   display_settings.c:529  _al_score_display_settings       [   0.12502] Score is : 769
display  D   display_settings.c:214  debug_display_settings           [   0.12511] color: 32 (rgba 8880), depth: 24, stencil: 0, acc: 0000, samples: 2/1
display  D   display_settings.c:529  _al_score_display_settings       [   0.12529] Score is : 598
display  D   display_settings.c:214  debug_display_settings           [   0.12537] color: 32 (rgba 8880), depth: 24, stencil: 0, acc: 0000, samples: 3/1
display  D   display_settings.c:529  _al_score_display_settings       [   0.12546] Score is : 593
display  D   display_settings.c:214  debug_display_settings           [   0.12554] color: 32 (rgba 8880), depth: 24, stencil: 0, acc: 0000, samples: 4/1
display  D   display_settings.c:529  _al_score_display_settings       [   0.12563] Score is : 589
display  D   display_settings.c:214  debug_display_settings           [   0.12575] color: 32 (rgba 8880), depth: 24, stencil: 0, acc: 0000, samples: 5/1
display  D   display_settings.c:529  _al_score_display_settings       [   0.12585] Score is : 587
display  D   display_settings.c:214  debug_display_settings           [   0.12595] color: 32 (rgba 8880), depth: 24, stencil: 0, acc: 0000, samples: 6/1
display  D   display_settings.c:529  _al_score_display_settings       [   0.12604] Score is : 586
display  D   display_settings.c:214  debug_display_settings           [   0.12613] color: 32 (rgba 8880), depth: 24, stencil: 0, acc: 0000, samples: 7/1
display  D   display_settings.c:529  _al_score_display_settings       [   0.12621] Score is : 585
display  D   display_settings.c:214  debug_display_settings           [   0.12630] color: 32 (rgba 8880), depth: 24, stencil: 0, acc: 0000, samples: 8/1
display  D   display_settings.c:529  _al_score_display_settings       [   0.12639] Score is : 584
display  D   display_settings.c:214  debug_display_settings           [   0.12647] color: 32 (rgba 8880), depth: 16, stencil: 0, acc: 0000, samples: 0/0
display  D   display_settings.c:529  _al_score_display_settings       [   0.12656] Score is : 769
display  D   display_settings.c:214  debug_display_settings           [   0.12664] color: 32 (rgba 8880), depth: 16, stencil: 0, acc: 0000, samples: 0/0
display  D   display_settings.c:529  _al_score_display_settings       [   0.12672] Score is : 769
display  D   display_settings.c:214  debug_display_settings           [   0.12682] color: 32 (rgba 8880), depth: 16, stencil: 0, acc: 0000, samples: 2/1
display  D   display_settings.c:529  _al_score_display_settings       [   0.12691] Score is : 598
display  D   display_settings.c:214  debug_display_settings           [   0.12699] color: 32 (rgba 8880), depth: 16, stencil: 0, acc: 0000, samples: 3/1
display  D   display_settings.c:529  _al_score_display_settings       [   0.12707] Score is : 593
display  D   display_settings.c:214  debug_display_settings           [   0.12715] color: 32 (rgba 8880), depth: 16, stencil: 0, acc: 0000, samples: 4/1
display  D   display_settings.c:529  _al_score_display_settings       [   0.12724] Score is : 589
display  D   display_settings.c:214  debug_display_settings           [   0.12732] color: 32 (rgba 8880), depth: 16, stencil: 0, acc: 0000, samples: 5/1
display  D   display_settings.c:529  _al_score_display_settings       [   0.12741] Score is : 587
display  D   display_settings.c:214  debug_display_settings           [   0.12751] color: 32 (rgba 8880), depth: 16, stencil: 0, acc: 0000, samples: 6/1
display  D   display_settings.c:529  _al_score_display_settings       [   0.12760] Score is : 586
display  D   display_settings.c:214  debug_display_settings           [   0.12777] color: 32 (rgba 8880), depth: 16, stencil: 0, acc: 0000, samples: 7/1
display  D   display_settings.c:529  _al_score_display_settings       [   0.12792] Score is : 585
display  D   display_settings.c:214  debug_display_settings           [   0.12802] color: 32 (rgba 8880), depth: 16, stencil: 0, acc: 0000, samples: 8/1
display  D   display_settings.c:529  _al_score_display_settings       [   0.12811] Score is : 584
display  D   display_settings.c:214  debug_display_settings           [   0.12820] color: 16 (rgba 5650), depth: 0, stencil: 0, acc: 0000, samples: 0/0
display  D   display_settings.c:529  _al_score_display_settings       [   0.12829] Score is : 769
display  D   display_settings.c:214  debug_display_settings           [   0.12849] color: 16 (rgba 5650), depth: 0, stencil: 0, acc: 0000, samples: 0/0
display  D   display_settings.c:529  _al_score_display_settings       [   0.12859] Score is : 769
display  D   display_settings.c:214  debug_display_settings           [   0.12869] color: 16 (rgba 5650), depth: 0, stencil: 0, acc: 0000, samples: 2/1
display  D   display_settings.c:529  _al_score_display_settings       [   0.12878] Score is : 598
display  D   display_settings.c:214  debug_display_settings           [   0.12886] color: 16 (rgba 5650), depth: 0, stencil: 0, acc: 0000, samples: 3/1
display  D   display_settings.c:529  _al_score_display_settings       [   0.12895] Score is : 593
display  D   display_settings.c:214  debug_display_settings           [   0.12903] color: 16 (rgba 5650), depth: 0, stencil: 0, acc: 0000, samples: 4/1
display  D   display_settings.c:529  _al_score_display_settings       [   0.12913] Score is : 589
display  D   display_settings.c:214  debug_display_settings           [   0.12920] color: 16 (rgba 5650), depth: 0, stencil: 0, acc: 0000, samples: 5/1
display  D   display_settings.c:529  _al_score_display_settings       [   0.12929] Score is : 587
display  D   display_settings.c:214  debug_display_settings           [   0.12937] color: 16 (rgba 5650), depth: 0, stencil: 0, acc: 0000, samples: 6/1
display  D   display_settings.c:529  _al_score_display_settings       [   0.12947] Score is : 586
display  D   display_settings.c:214  debug_display_settings           [   0.12956] color: 16 (rgba 5650), depth: 0, stencil: 0, acc: 0000, samples: 7/1
display  D   display_settings.c:529  _al_score_display_settings       [   0.12967] Score is : 585
display  D   display_settings.c:214  debug_display_settings           [   0.12975] color: 16 (rgba 5650), depth: 0, stencil: 0, acc: 0000, samples: 8/1
display  D   display_settings.c:529  _al_score_display_settings       [   0.12985] Score is : 584
display  D   display_settings.c:214  debug_display_settings           [   0.12993] color: 16 (rgba 5650), depth: 24, stencil: 8, acc: 0000, samples: 0/0
display  D   display_settings.c:529  _al_score_display_settings       [   0.13003] Score is : 769
display  D   display_settings.c:214  debug_display_settings           [   0.13013] color: 16 (rgba 5650), depth: 24, stencil: 8, acc: 0000, samples: 0/0
display  D   display_settings.c:529  _al_score_display_settings       [   0.13022] Score is : 769
display  D   display_settings.c:214  debug_display_settings           [   0.13031] color: 16 (rgba 5650), depth: 24, stencil: 8, acc: 0000, samples: 2/1
display  D   display_settings.c:529  _al_score_display_settings       [   0.13040] Score is : 598
display  D   display_settings.c:214  debug_display_settings           [   0.13048] color: 16 (rgba 5650), depth: 24, stencil: 8, acc: 0000, samples: 3/1
display  D   display_settings.c:529  _al_score_display_settings       [   0.13058] Score is : 593
display  D   display_settings.c:214  debug_display_settings           [   0.13066] color: 16 (rgba 5650), depth: 24, stencil: 8, acc: 0000, samples: 4/1
display  D   display_settings.c:529  _al_score_display_settings       [   0.13076] Score is : 589
display  D   display_settings.c:214  debug_display_settings           [   0.13087] color: 16 (rgba 5650), depth: 24, stencil: 8, acc: 0000, samples: 5/1
display  D   display_settings.c:529  _al_score_display_settings       [   0.13105] Score is : 587
display  D   display_settings.c:214  debug_display_settings           [   0.13120] color: 16 (rgba 5650), depth: 24, stencil: 8, acc: 0000, samples: 6/1
display  D   display_settings.c:529  _al_score_display_settings       [   0.13129] Score is : 586
display  D   display_settings.c:214  debug_display_settings           [   0.13138] color: 16 (rgba 5650), depth: 24, stencil: 8, acc: 0000, samples: 7/1
display  D   display_settings.c:529  _al_score_display_settings       [   0.13146] Score is : 585
display  D   display_settings.c:214  debug_display_settings           [   0.13156] color: 16 (rgba 5650), depth: 24, stencil: 8, acc: 0000, samples: 8/1
display  D   display_settings.c:529  _al_score_display_settings       [   0.13166] Score is : 584
display  D   display_settings.c:214  debug_display_settings           [   0.13175] color: 16 (rgba 5650), depth: 24, stencil: 0, acc: 0000, samples: 0/0
display  D   display_settings.c:529  _al_score_display_settings       [   0.13185] Score is : 769
display  D   display_settings.c:214  debug_display_settings           [   0.13194] color: 16 (rgba 5650), depth: 24, stencil: 0, acc: 0000, samples: 0/0
display  D   display_settings.c:529  _al_score_display_settings       [   0.13203] Score is : 769
display  D   display_settings.c:214  debug_display_settings           [   0.13214] color: 16 (rgba 5650), depth: 24, stencil: 0, acc: 0000, samples: 2/1
display  D   display_settings.c:529  _al_score_display_settings       [   0.13223] Score is : 598
display  D   display_settings.c:214  debug_display_settings           [   0.13232] color: 16 (rgba 5650), depth: 24, stencil: 0, acc: 0000, samples: 3/1
display  D   display_settings.c:529  _al_score_display_settings       [   0.13241] Score is : 593
display  D   display_settings.c:214  debug_display_settings           [   0.13250] color: 16 (rgba 5650), depth: 24, stencil: 0, acc: 0000, samples: 4/1
display  D   display_settings.c:529  _al_score_display_settings       [   0.13259] Score is : 589
display  D   display_settings.c:214  debug_display_settings           [   0.13269] color: 16 (rgba 5650), depth: 24, stencil: 0, acc: 0000, samples: 5/1
display  D   display_settings.c:529  _al_score_display_settings       [   0.13282] Score is : 587
display  D   display_settings.c:214  debug_display_settings           [   0.13291] color: 16 (rgba 5650), depth: 24, stencil: 0, acc: 0000, samples: 6/1
display  D   display_settings.c:529  _al_score_display_settings       [   0.13300] Score is : 586
display  D   display_settings.c:214  debug_display_settings           [   0.13308] color: 16 (rgba 5650), depth: 24, stencil: 0, acc: 0000, samples: 7/1
display  D   display_settings.c:529  _al_score_display_settings       [   0.13317] Score is : 585
display  D   display_settings.c:214  debug_display_settings           [   0.13333] color: 16 (rgba 5650), depth: 24, stencil: 0, acc: 0000, samples: 8/1
display  D   display_settings.c:529  _al_score_display_settings       [   0.13345] Score is : 584
display  D   display_settings.c:214  debug_display_settings           [   0.13353] color: 16 (rgba 5650), depth: 16, stencil: 0, acc: 0000, samples: 0/0
display  D   display_settings.c:529  _al_score_display_settings       [   0.13373] Score is : 769
display  D   display_settings.c:214  debug_display_settings           [   0.13381] color: 16 (rgba 5650), depth: 16, stencil: 0, acc: 0000, samples: 0/0
display  D   display_settings.c:529  _al_score_display_settings       [   0.13393] Score is : 769
display  D   display_settings.c:214  debug_display_settings           [   0.13402] color: 16 (rgba 5650), depth: 16, stencil: 0, acc: 0000, samples: 2/1
display  D   display_settings.c:529  _al_score_display_settings       [   0.13419] Score is : 598
display  D   display_settings.c:214  debug_display_settings           [   0.13432] color: 16 (rgba 5650), depth: 16, stencil: 0, acc: 0000, samples: 3/1
display  D   display_settings.c:529  _al_score_display_settings       [   0.13443] Score is : 593
display  D   display_settings.c:214  debug_display_settings           [   0.13452] color: 16 (rgba 5650), depth: 16, stencil: 0, acc: 0000, samples: 4/1
display  D   display_settings.c:529  _al_score_display_settings       [   0.13471] Score is : 589
display  D   display_settings.c:214  debug_display_settings           [   0.13486] color: 16 (rgba 5650), depth: 16, stencil: 0, acc: 0000, samples: 5/1
display  D   display_settings.c:529  _al_score_display_settings       [   0.13494] Score is : 587
display  D   display_settings.c:214  debug_display_settings           [   0.13504] color: 16 (rgba 5650), depth: 16, stencil: 0, acc: 0000, samples: 6/1
display  D   display_settings.c:529  _al_score_display_settings       [   0.13518] Score is : 586
display  D   display_settings.c:214  debug_display_settings           [   0.13529] color: 16 (rgba 5650), depth: 16, stencil: 0, acc: 0000, samples: 7/1
display  D   display_settings.c:529  _al_score_display_settings       [   0.13539] Score is : 585
display  D   display_settings.c:214  debug_display_settings           [   0.13548] color: 16 (rgba 5650), depth: 16, stencil: 0, acc: 0000, samples: 8/1
display  D   display_settings.c:529  _al_score_display_settings       [   0.13563] Score is : 584
display  D   display_settings.c:214  debug_display_settings           [   0.13573] color: 32 (rgba 8880), depth: 0, stencil: 0, acc: 0000, samples: 0/0
display  D   display_settings.c:400  _al_score_display_settings       [   0.13583] Single Buffer requirement not met.
display  D   display_settings.c:214  debug_display_settings           [   0.13603] color: 32 (rgba 8880), depth: 0, stencil: 0, acc: 0000, samples: 0/0
display  D   display_settings.c:400  _al_score_display_settings       [   0.13615] Single Buffer requirement not met.
display  D   display_settings.c:214  debug_display_settings           [   0.13631] color: 32 (rgba 8880), depth: 0, stencil: 0, acc: 0000, samples: 2/1
display  D   display_settings.c:400  _al_score_display_settings       [   0.13644] Single Buffer requirement not met.
display  D   display_settings.c:214  debug_display_settings           [   0.13656] color: 32 (rgba 8880), depth: 0, stencil: 0, acc: 0000, samples: 3/1
display  D   display_settings.c:400  _al_score_display_settings       [   0.13667] Single Buffer requirement not met.
display  D   display_settings.c:214  debug_display_settings           [   0.13676] color: 32 (rgba 8880), depth: 0, stencil: 0, acc: 0000, samples: 4/1
display  D   display_settings.c:400  _al_score_display_settings       [   0.13685] Single Buffer requirement not met.
display  D   display_settings.c:214  debug_display_settings           [   0.13694] color: 32 (rgba 8880), depth: 0, stencil: 0, acc: 0000, samples: 5/1
display  D   display_settings.c:400  _al_score_display_settings       [   0.13704] Single Buffer requirement not met.
display  D   display_settings.c:214  debug_display_settings           [   0.13713] color: 32 (rgba 8880), depth: 0, stencil: 0, acc: 0000, samples: 6/1
display  D   display_settings.c:400  _al_score_display_settings       [   0.13723] Single Buffer requirement not met.
display  D   display_settings.c:214  debug_display_settings           [   0.13731] color: 32 (rgba 8880), depth: 0, stencil: 0, acc: 0000, samples: 7/1
display  D   display_settings.c:400  _al_score_display_settings       [   0.13741] Single Buffer requirement not met.
display  D   display_settings.c:214  debug_display_settings           [   0.13750] color: 32 (rgba 8880), depth: 0, stencil: 0, acc: 0000, samples: 8/1
display  D   display_settings.c:400  _al_score_display_settings       [   0.13760] Single Buffer requirement not met.
display  D   display_settings.c:214  debug_display_settings           [   0.13774] color: 32 (rgba 8880), depth: 24, stencil: 8, acc: 0000, samples: 0/0
display  D   display_settings.c:400  _al_score_display_settings       [   0.13785] Single Buffer requirement not met.
display  D   display_settings.c:214  debug_display_settings           [   0.13803] color: 32 (rgba 8880), depth: 24, stencil: 8, acc: 0000, samples: 0/0
display  D   display_settings.c:400  _al_score_display_settings       [   0.13816] Single Buffer requirement not met.
display  D   display_settings.c:214  debug_display_settings           [   0.13828] color: 32 (rgba 8880), depth: 24, stencil: 8, acc: 0000, samples: 2/1
display  D   display_settings.c:400  _al_score_display_settings       [   0.13837] Single Buffer requirement not met.
display  D   display_settings.c:214  debug_display_settings           [   0.13848] color: 32 (rgba 8880), depth: 24, stencil: 8, acc: 0000, samples: 3/1
display  D   display_settings.c:400  _al_score_display_settings       [   0.13859] Single Buffer requirement not met.
display  D   display_settings.c:214  debug_display_settings           [   0.13868] color: 32 (rgba 8880), depth: 24, stencil: 8, acc: 0000, samples: 4/1
display  D   display_settings.c:400  _al_score_display_settings       [   0.13878] Single Buffer requirement not met.
display  D   display_settings.c:214  debug_display_settings           [   0.13888] color: 32 (rgba 8880), depth: 24, stencil: 8, acc: 0000, samples: 5/1
display  D   display_settings.c:400  _al_score_display_settings       [   0.13898] Single Buffer requirement not met.
display  D   display_settings.c:214  debug_display_settings           [   0.13908] color: 32 (rgba 8880), depth: 24, stencil: 8, acc: 0000, samples: 6/1
display  D   display_settings.c:400  _al_score_display_settings       [   0.13918] Single Buffer requirement not met.
display  D   display_settings.c:214  debug_display_settings           [   0.13930] color: 32 (rgba 8880), depth: 24, stencil: 8, acc: 0000, samples: 7/1
display  D   display_settings.c:400  _al_score_display_settings       [   0.13940] Single Buffer requirement not met.
display  D   display_settings.c:214  debug_display_settings           [   0.13949] color: 32 (rgba 8880), depth: 24, stencil: 8, acc: 0000, samples: 8/1
display  D   display_settings.c:400  _al_score_display_settings       [   0.13958] Single Buffer requirement not met.
display  D   display_settings.c:214  debug_display_settings           [   0.13975] color: 32 (rgba 8880), depth: 24, stencil: 0, acc: 0000, samples: 0/0
display  D   display_settings.c:400  _al_score_display_settings       [   0.13985] Single Buffer requirement not met.
display  D   display_settings.c:214  debug_display_settings           [   0.13993] color: 32 (rgba 8880), depth: 24, stencil: 0, acc: 0000, samples: 0/0
display  D   display_settings.c:400  _al_score_display_settings       [   0.14002] Single Buffer requirement not met.
display  D   display_settings.c:214  debug_display_settings           [   0.14015] color: 32 (rgba 8880), depth: 24, stencil: 0, acc: 0000, samples: 2/1
display  D   display_settings.c:400  _al_score_display_settings       [   0.14024] Single Buffer requirement not met.
display  D   display_settings.c:214  debug_display_settings           [   0.14041] color: 32 (rgba 8880), depth: 24, stencil: 0, acc: 0000, samples: 3/1
display  D   display_settings.c:400  _al_score_display_settings       [   0.14055] Single Buffer requirement not met.
display  D   display_settings.c:214  debug_display_settings           [   0.14067] color: 32 (rgba 8880), depth: 24, stencil: 0, acc: 0000, samples: 4/1
display  D   display_settings.c:400  _al_score_display_settings       [   0.14079] Single Buffer requirement not met.
display  D   display_settings.c:214  debug_display_settings           [   0.14091] color: 32 (rgba 8880), depth: 24, stencil: 0, acc: 0000, samples: 5/1
display  D   display_settings.c:400  _al_score_display_settings       [   0.14102] Single Buffer requirement not met.
display  D   display_settings.c:214  debug_display_settings           [   0.14115] color: 32 (rgba 8880), depth: 24, stencil: 0, acc: 0000, samples: 6/1
display  D   display_settings.c:400  _al_score_display_settings       [   0.14127] Single Buffer requirement not met.
display  D   display_settings.c:214  debug_display_settings           [   0.14141] color: 32 (rgba 8880), depth: 24, stencil: 0, acc: 0000, samples: 7/1
display  D   display_settings.c:400  _al_score_display_settings       [   0.14151] Single Buffer requirement not met.
display  D   display_settings.c:214  debug_display_settings           [   0.14161] color: 32 (rgba 8880), depth: 24, stencil: 0, acc: 0000, samples: 8/1
display  D   display_settings.c:400  _al_score_display_settings       [   0.14170] Single Buffer requirement not met.
display  D   display_settings.c:214  debug_display_settings           [   0.14185] color: 32 (rgba 8880), depth: 16, stencil: 0, acc: 0000, samples: 0/0
display  D   display_settings.c:400  _al_score_display_settings       [   0.14201] Single Buffer requirement not met.
display  D   display_settings.c:214  debug_display_settings           [   0.14219] color: 32 (rgba 8880), depth: 16, stencil: 0, acc: 0000, samples: 0/0
display  D   display_settings.c:400  _al_score_display_settings       [   0.14232] Single Buffer requirement not met.
display  D   display_settings.c:214  debug_display_settings           [   0.14243] color: 32 (rgba 8880), depth: 16, stencil: 0, acc: 0000, samples: 2/1
display  D   display_settings.c:400  _al_score_display_settings       [   0.14256] Single Buffer requirement not met.
display  D   display_settings.c:214  debug_display_settings           [   0.14268] color: 32 (rgba 8880), depth: 16, stencil: 0, acc: 0000, samples: 3/1
display  D   display_settings.c:400  _al_score_display_settings       [   0.14280] Single Buffer requirement not met.
display  D   display_settings.c:214  debug_display_settings           [   0.14292] color: 32 (rgba 8880), depth: 16, stencil: 0, acc: 0000, samples: 4/1
display  D   display_settings.c:400  _al_score_display_settings       [   0.14307] Single Buffer requirement not met.
display  D   display_settings.c:214  debug_display_settings           [   0.14319] color: 32 (rgba 8880), depth: 16, stencil: 0, acc: 0000, samples: 5/1
display  D   display_settings.c:400  _al_score_display_settings       [   0.14330] Single Buffer requirement not met.
display  D   display_settings.c:214  debug_display_settings           [   0.14341] color: 32 (rgba 8880), depth: 16, stencil: 0, acc: 0000, samples: 6/1
display  D   display_settings.c:400  _al_score_display_settings       [   0.14352] Single Buffer requirement not met.
display  D   display_settings.c:214  debug_display_settings           [   0.14362] color: 32 (rgba 8880), depth: 16, stencil: 0, acc: 0000, samples: 7/1
display  D   display_settings.c:400  _al_score_display_settings       [   0.14372] Single Buffer requirement not met.
display  D   display_settings.c:214  debug_display_settings           [   0.14385] color: 32 (rgba 8880), depth: 16, stencil: 0, acc: 0000, samples: 8/1
display  D   display_settings.c:400  _al_score_display_settings       [   0.14397] Single Buffer requirement not met.
display  D   display_settings.c:214  debug_display_settings           [   0.14407] color: 16 (rgba 5650), depth: 0, stencil: 0, acc: 0000, samples: 0/0
display  D   display_settings.c:400  _al_score_display_settings       [   0.14418] Single Buffer requirement not met.
display  D   display_settings.c:214  debug_display_settings           [   0.14429] color: 16 (rgba 5650), depth: 0, stencil: 0, acc: 0000, samples: 0/0
display  D   display_settings.c:400  _al_score_display_settings       [   0.14440] Single Buffer requirement not met.
display  D   display_settings.c:214  debug_display_settings           [   0.14451] color: 16 (rgba 5650), depth: 0, stencil: 0, acc: 0000, samples: 2/1
display  D   display_settings.c:400  _al_score_display_settings       [   0.14460] Single Buffer requirement not met.
display  D   display_settings.c:214  debug_display_settings           [   0.14470] color: 16 (rgba 5650), depth: 0, stencil: 0, acc: 0000, samples: 3/1
display  D   display_settings.c:400  _al_score_display_settings       [   0.14481] Single Buffer requirement not met.
display  D   display_settings.c:214  debug_display_settings           [   0.14497] color: 16 (rgba 5650), depth: 0, stencil: 0, acc: 0000, samples: 4/1
display  D   display_settings.c:400  _al_score_display_settings       [   0.14510] Single Buffer requirement not met.
display  D   display_settings.c:214  debug_display_settings           [   0.14524] color: 16 (rgba 5650), depth: 0, stencil: 0, acc: 0000, samples: 5/1
display  D   display_settings.c:400  _al_score_display_settings       [   0.14534] Single Buffer requirement not met.
display  D   display_settings.c:214  debug_display_settings           [   0.14544] color: 16 (rgba 5650), depth: 0, stencil: 0, acc: 0000, samples: 6/1
display  D   display_settings.c:400  _al_score_display_settings       [   0.14555] Single Buffer requirement not met.
display  D   display_settings.c:214  debug_display_settings           [   0.14569] color: 16 (rgba 5650), depth: 0, stencil: 0, acc: 0000, samples: 7/1
display  D   display_settings.c:400  _al_score_display_settings       [   0.14583] Single Buffer requirement not met.
display  D   display_settings.c:214  debug_display_settings           [   0.14593] color: 16 (rgba 5650), depth: 0, stencil: 0, acc: 0000, samples: 8/1
display  D   display_settings.c:400  _al_score_display_settings       [   0.14602] Single Buffer requirement not met.
display  D   display_settings.c:214  debug_display_settings           [   0.14610] color: 16 (rgba 5650), depth: 24, stencil: 8, acc: 0000, samples: 0/0
display  D   display_settings.c:400  _al_score_display_settings       [   0.14624] Single Buffer requirement not met.
display  D   display_settings.c:214  debug_display_settings           [   0.14635] color: 16 (rgba 5650), depth: 24, stencil: 8, acc: 0000, samples: 0/0
display  D   display_settings.c:400  _al_score_display_settings       [   0.14646] Single Buffer requirement not met.
display  D   display_settings.c:214  debug_display_settings           [   0.14655] color: 16 (rgba 5650), depth: 24, stencil: 8, acc: 0000, samples: 2/1
display  D   display_settings.c:400  _al_score_display_settings       [   0.14668] Single Buffer requirement not met.
display  D   display_settings.c:214  debug_display_settings           [   0.14678] color: 16 (rgba 5650), depth: 24, stencil: 8, acc: 0000, samples: 3/1
display  D   display_settings.c:400  _al_score_display_settings       [   0.14689] Single Buffer requirement not met.
display  D   display_settings.c:214  debug_display_settings           [   0.14701] color: 16 (rgba 5650), depth: 24, stencil: 8, acc: 0000, samples: 4/1
display  D   display_settings.c:400  _al_score_display_settings       [   0.14713] Single Buffer requirement not met.
display  D   display_settings.c:214  debug_display_settings           [   0.14725] color: 16 (rgba 5650), depth: 24, stencil: 8, acc: 0000, samples: 5/1
display  D   display_settings.c:400  _al_score_display_settings       [   0.14735] Single Buffer requirement not met.
display  D   display_settings.c:214  debug_display_settings           [   0.14747] color: 16 (rgba 5650), depth: 24, stencil: 8, acc: 0000, samples: 6/1
display  D   display_settings.c:400  _al_score_display_settings       [   0.14759] Single Buffer requirement not met.
display  D   display_settings.c:214  debug_display_settings           [   0.14773] color: 16 (rgba 5650), depth: 24, stencil: 8, acc: 0000, samples: 7/1
display  D   display_settings.c:400  _al_score_display_settings       [   0.14787] Single Buffer requirement not met.
display  D   display_settings.c:214  debug_display_settings           [   0.14799] color: 16 (rgba 5650), depth: 24, stencil: 8, acc: 0000, samples: 8/1
display  D   display_settings.c:400  _al_score_display_settings       [   0.14812] Single Buffer requirement not met.
display  D   display_settings.c:214  debug_display_settings           [   0.14822] color: 16 (rgba 5650), depth: 24, stencil: 0, acc: 0000, samples: 0/0
display  D   display_settings.c:400  _al_score_display_settings       [   0.14835] Single Buffer requirement not met.
display  D   display_settings.c:214  debug_display_settings           [   0.14846] color: 16 (rgba 5650), depth: 24, stencil: 0, acc: 0000, samples: 0/0
display  D   display_settings.c:400  _al_score_display_settings       [   0.14856] Single Buffer requirement not met.
display  D   display_settings.c:214  debug_display_settings           [   0.14869] color: 16 (rgba 5650), depth: 24, stencil: 0, acc: 0000, samples: 2/1
display  D   display_settings.c:400  _al_score_display_settings       [   0.14881] Single Buffer requirement not met.
display  D   display_settings.c:214  debug_display_settings           [   0.14891] color: 16 (rgba 5650), depth: 24, stencil: 0, acc: 0000, samples: 3/1
display  D   display_settings.c:400  _al_score_display_settings       [   0.14904] Single Buffer requirement not met.
display  D   display_settings.c:214  debug_display_settings           [   0.14914] color: 16 (rgba 5650), depth: 24, stencil: 0, acc: 0000, samples: 4/1
display  D   display_settings.c:400  _al_score_display_settings       [   0.14923] Single Buffer requirement not met.
display  D   display_settings.c:214  debug_display_settings           [   0.14933] color: 16 (rgba 5650), depth: 24, stencil: 0, acc: 0000, samples: 5/1
display  D   display_settings.c:400  _al_score_display_settings       [   0.14944] Single Buffer requirement not met.
display  D   display_settings.c:214  debug_display_settings           [   0.14957] color: 16 (rgba 5650), depth: 24, stencil: 0, acc: 0000, samples: 6/1
display  D   display_settings.c:400  _al_score_display_settings       [   0.14970] Single Buffer requirement not met.
display  D   display_settings.c:214  debug_display_settings           [   0.14981] color: 16 (rgba 5650), depth: 24, stencil: 0, acc: 0000, samples: 7/1
display  D   display_settings.c:400  _al_score_display_settings       [   0.14993] Single Buffer requirement not met.
display  D   display_settings.c:214  debug_display_settings           [   0.15002] color: 16 (rgba 5650), depth: 24, stencil: 0, acc: 0000, samples: 8/1
display  D   display_settings.c:400  _al_score_display_settings       [   0.15012] Single Buffer requirement not met.
display  D   display_settings.c:214  debug_display_settings           [   0.15022] color: 16 (rgba 5650), depth: 16, stencil: 0, acc: 0000, samples: 0/0
display  D   display_settings.c:400  _al_score_display_settings       [   0.15036] Single Buffer requirement not met.
display  D   display_settings.c:214  debug_display_settings           [   0.15055] color: 16 (rgba 5650), depth: 16, stencil: 0, acc: 0000, samples: 0/0
display  D   display_settings.c:400  _al_score_display_settings       [   0.15088] Single Buffer requirement not met.
display  D   display_settings.c:214  debug_display_settings           [   0.15174] color: 16 (rgba 5650), depth: 16, stencil: 0, acc: 0000, samples: 2/1
display  D   display_settings.c:400  _al_score_display_settings       [   0.15199] Single Buffer requirement not met.
display  D   display_settings.c:214  debug_display_settings           [   0.15212] color: 16 (rgba 5650), depth: 16, stencil: 0, acc: 0000, samples: 3/1
display  D   display_settings.c:400  _al_score_display_settings       [   0.15224] Single Buffer requirement not met.
display  D   display_settings.c:214  debug_display_settings           [   0.15235] color: 16 (rgba 5650), depth: 16, stencil: 0, acc: 0000, samples: 4/1
display  D   display_settings.c:400  _al_score_display_settings       [   0.15244] Single Buffer requirement not met.
display  D   display_settings.c:214  debug_display_settings           [   0.15254] color: 16 (rgba 5650), depth: 16, stencil: 0, acc: 0000, samples: 5/1
display  D   display_settings.c:400  _al_score_display_settings       [   0.15268] Single Buffer requirement not met.
display  D   display_settings.c:214  debug_display_settings           [   0.15278] color: 16 (rgba 5650), depth: 16, stencil: 0, acc: 0000, samples: 6/1
display  D   display_settings.c:400  _al_score_display_settings       [   0.15290] Single Buffer requirement not met.
display  D   display_settings.c:214  debug_display_settings           [   0.15300] color: 16 (rgba 5650), depth: 16, stencil: 0, acc: 0000, samples: 7/1
display  D   display_settings.c:400  _al_score_display_settings       [   0.15310] Single Buffer requirement not met.
display  D   display_settings.c:214  debug_display_settings           [   0.15324] color: 16 (rgba 5650), depth: 16, stencil: 0, acc: 0000, samples: 8/1
display  D   display_settings.c:400  _al_score_display_settings       [   0.15334] Single Buffer requirement not met.
d3d      D         d3d_disp.cpp:1677 d3d_create_display_internals     [   0.15355] Trying format 0.
d3d      I         d3d_disp.cpp:1353 d3d_display_thread_proc          [   0.17145] Chose a display format: 23
d3d      I         d3d_disp.cpp:1422 d3d_display_thread_proc          [   0.17170] Normal window.
d3d      I         d3d_disp.cpp:786  d3d_create_device                [   0.25591] Using no depth stencil buffer
d3d      D         d3d_disp.cpp:848  d3d_create_device                [   0.29822] BeginScene succeeded in create_device
d3d      D         d3d_disp.cpp:856  d3d_create_device                [   0.29843] Success
d3d      D         d3d_disp.cpp:1703 d3d_create_display_internals     [   0.29854] Resumed after wait.
d3d      I         d3d_disp.cpp:1736 d3d_create_display_internals     [   0.29870] Format 0 succeeded.
d3d      D         d3d_disp.cpp:1767 d3d_create_display_internals     [   0.29882] Returning d3d_display: 000001A0565A45D0
d3d      D         d3d_disp.cpp:1792 d3d_create_display_locked        [   0.29892] al_display=000001A0565A45D0
d3d      D         d3d_disp.cpp:1793 d3d_create_display_locked        [   0.29900] al_display->vt=000001A0565A32C0
system   D            wsystem.c:834  maybe_parent_dir                 [   0.29952] Also searching C:\Users\tyler\Desktop\CSE-3150\Project2\x64\
system   D            wsystem.c:889  _al_win_safe_load_library        [   0.29987] PathFindOnPath found: C:\WINDOWS\system32\d3dx9_43.dll
system   D            wsystem.c:795  load_library_at_path             [   0.30001] Calling LoadLibrary C:\WINDOWS\system32\d3dx9_43.dll
system   I            wsystem.c:798  load_library_at_path             [   0.30285] Loaded C:\WINDOWS\system32\d3dx9_43.dll
d3dx9    I        d3d_d3dx9.cpp:88   _imp_load_d3dx9_module_version   [   0.30313] Module "d3dx9_43.dll" loaded.
dtor     D               dtor.c:196  _al_register_destructor          [   0.30332] added dtor for queue 000001A0581C2220, func 00007FF981B41C30
d3d      I         d3d_disp.cpp:910  d3d_destroy_display              [  80.49899] destroying display 000001A0565A45D0 (current 0000000000000000)
d3d      D         d3d_disp.cpp:894  d3d_destroy_display_internals    [  80.50198] waiting for display 000001A0565A45D0's thread to end
d3d      W         d3d_disp.cpp:603  d3d_destroy_device               [  80.52097] d3d_destroy_device: ref count not 0
d3d      W         d3d_disp.cpp:603  d3d_destroy_device               [  80.52116] d3d_destroy_device: ref count not 0
d3d      I         d3d_disp.cpp:1557 d3d_display_thread_proc          [  80.54131] d3d display thread exits
dtor     D               dtor.c:227  _al_unregister_destructor        [  80.54166] removed dtor for timer 000001A0565037B0
dtor     D               dtor.c:227  _al_unregister_destructor        [  80.54179] removed dtor for queue 000001A0581C2220
